{"/home/eaglerock/git/tomeclicker/src/lib/config.ts": {"path":"/home/eaglerock/git/tomeclicker/src/lib/config.ts","all":true,"statementMap":{"0":{"start":{"line":1,"column":0},"end":{"line":1,"column":74}},"4":{"start":{"line":5,"column":0},"end":{"line":5,"column":21}},"5":{"start":{"line":6,"column":0},"end":{"line":6,"column":33}},"6":{"start":{"line":7,"column":0},"end":{"line":7,"column":25}},"8":{"start":{"line":9,"column":0},"end":{"line":9,"column":84}},"9":{"start":{"line":10,"column":0},"end":{"line":10,"column":33}},"10":{"start":{"line":11,"column":0},"end":{"line":11,"column":61}},"11":{"start":{"line":12,"column":0},"end":{"line":12,"column":2}},"17":{"start":{"line":18,"column":0},"end":{"line":18,"column":21}},"18":{"start":{"line":19,"column":0},"end":{"line":19,"column":41}},"19":{"start":{"line":20,"column":0},"end":{"line":20,"column":34}},"20":{"start":{"line":21,"column":0},"end":{"line":21,"column":2}},"26":{"start":{"line":27,"column":0},"end":{"line":27,"column":48}},"27":{"start":{"line":28,"column":0},"end":{"line":28,"column":38}},"29":{"start":{"line":30,"column":0},"end":{"line":30,"column":60}},"30":{"start":{"line":31,"column":0},"end":{"line":31,"column":88}},"31":{"start":{"line":32,"column":0},"end":{"line":32,"column":4}},"32":{"start":{"line":33,"column":0},"end":{"line":33,"column":69}},"33":{"start":{"line":34,"column":0},"end":{"line":34,"column":3}},"34":{"start":{"line":35,"column":0},"end":{"line":35,"column":26}},"35":{"start":{"line":36,"column":0},"end":{"line":36,"column":2}},"42":{"start":{"line":43,"column":0},"end":{"line":43,"column":35}},"43":{"start":{"line":44,"column":0},"end":{"line":44,"column":28}},"44":{"start":{"line":45,"column":0},"end":{"line":45,"column":22}},"45":{"start":{"line":46,"column":0},"end":{"line":46,"column":15}},"46":{"start":{"line":47,"column":0},"end":{"line":47,"column":3}},"47":{"start":{"line":48,"column":0},"end":{"line":48,"column":15}},"48":{"start":{"line":49,"column":0},"end":{"line":49,"column":2}},"54":{"start":{"line":55,"column":0},"end":{"line":55,"column":42}},"55":{"start":{"line":56,"column":0},"end":{"line":56,"column":26}},"56":{"start":{"line":57,"column":0},"end":{"line":57,"column":2}},"61":{"start":{"line":62,"column":0},"end":{"line":62,"column":36}},"62":{"start":{"line":63,"column":0},"end":{"line":63,"column":44}},"63":{"start":{"line":64,"column":0},"end":{"line":64,"column":2}},"69":{"start":{"line":70,"column":0},"end":{"line":70,"column":26}},"70":{"start":{"line":71,"column":0},"end":{"line":71,"column":45}},"71":{"start":{"line":72,"column":0},"end":{"line":72,"column":2}},"77":{"start":{"line":78,"column":0},"end":{"line":78,"column":31}},"78":{"start":{"line":79,"column":0},"end":{"line":79,"column":46}},"79":{"start":{"line":80,"column":0},"end":{"line":80,"column":2}},"85":{"start":{"line":86,"column":0},"end":{"line":86,"column":25}},"86":{"start":{"line":87,"column":0},"end":{"line":87,"column":76}},"87":{"start":{"line":88,"column":0},"end":{"line":88,"column":2}},"92":{"start":{"line":93,"column":0},"end":{"line":93,"column":29}},"93":{"start":{"line":94,"column":0},"end":{"line":94,"column":50}},"94":{"start":{"line":95,"column":0},"end":{"line":95,"column":7}},"95":{"start":{"line":96,"column":0},"end":{"line":96,"column":23}},"96":{"start":{"line":97,"column":0},"end":{"line":97,"column":22}},"97":{"start":{"line":98,"column":0},"end":{"line":98,"column":33}},"98":{"start":{"line":99,"column":0},"end":{"line":99,"column":5}},"99":{"start":{"line":100,"column":0},"end":{"line":100,"column":74}},"100":{"start":{"line":101,"column":0},"end":{"line":101,"column":19}},"101":{"start":{"line":102,"column":0},"end":{"line":102,"column":66}},"102":{"start":{"line":103,"column":0},"end":{"line":103,"column":3}},"103":{"start":{"line":104,"column":0},"end":{"line":104,"column":2}},"109":{"start":{"line":110,"column":0},"end":{"line":110,"column":34}},"110":{"start":{"line":111,"column":0},"end":{"line":111,"column":56}},"111":{"start":{"line":112,"column":0},"end":{"line":112,"column":7}},"112":{"start":{"line":113,"column":0},"end":{"line":113,"column":66}},"113":{"start":{"line":114,"column":0},"end":{"line":114,"column":21}},"114":{"start":{"line":115,"column":0},"end":{"line":115,"column":47}},"115":{"start":{"line":116,"column":0},"end":{"line":116,"column":61}},"116":{"start":{"line":117,"column":0},"end":{"line":117,"column":35}},"117":{"start":{"line":118,"column":0},"end":{"line":118,"column":5}},"118":{"start":{"line":119,"column":0},"end":{"line":119,"column":33}},"119":{"start":{"line":120,"column":0},"end":{"line":120,"column":47}},"120":{"start":{"line":121,"column":0},"end":{"line":121,"column":5}},"121":{"start":{"line":122,"column":0},"end":{"line":122,"column":16}},"122":{"start":{"line":123,"column":0},"end":{"line":123,"column":4}},"123":{"start":{"line":124,"column":0},"end":{"line":124,"column":16}},"124":{"start":{"line":125,"column":0},"end":{"line":125,"column":19}},"125":{"start":{"line":126,"column":0},"end":{"line":126,"column":67}},"126":{"start":{"line":127,"column":0},"end":{"line":127,"column":16}},"127":{"start":{"line":128,"column":0},"end":{"line":128,"column":3}},"128":{"start":{"line":129,"column":0},"end":{"line":129,"column":2}},"129":{"start":{"line":130,"column":0},"end":{"line":130,"column":1}}},"s":{"0":0,"4":0,"5":0,"6":0,"8":0,"9":0,"10":0,"11":0,"17":0,"18":0,"19":0,"20":0,"26":0,"27":0,"29":0,"30":0,"31":0,"32":0,"33":0,"34":0,"35":0,"42":0,"43":0,"44":0,"45":0,"46":0,"47":0,"48":0,"54":0,"55":0,"56":0,"61":0,"62":0,"63":0,"69":0,"70":0,"71":0,"77":0,"78":0,"79":0,"85":0,"86":0,"87":0,"92":0,"93":0,"94":0,"95":0,"96":0,"97":0,"98":0,"99":0,"100":0,"101":0,"102":0,"103":0,"109":0,"110":0,"111":0,"112":0,"113":0,"114":0,"115":0,"116":0,"117":0,"118":0,"119":0,"120":0,"121":0,"122":0,"123":0,"124":0,"125":0,"126":0,"127":0,"128":0,"129":0},"branchMap":{"0":{"type":"branch","line":1,"loc":{"start":{"line":1,"column":3347},"end":{"line":130,"column":1}},"locations":[{"start":{"line":1,"column":3347},"end":{"line":130,"column":1}}]}},"b":{"0":[0]},"fnMap":{"0":{"name":"(empty-report)","decl":{"start":{"line":1,"column":3347},"end":{"line":130,"column":1}},"loc":{"start":{"line":1,"column":3347},"end":{"line":130,"column":1}},"line":1}},"f":{"0":0}}
,"/home/eaglerock/git/tomeclicker/src/lib/game.ts": {"path":"/home/eaglerock/git/tomeclicker/src/lib/game.ts","all":false,"statementMap":{"69":{"start":{"line":70,"column":0},"end":{"line":70,"column":19}},"70":{"start":{"line":71,"column":0},"end":{"line":71,"column":24}},"71":{"start":{"line":72,"column":0},"end":{"line":72,"column":28}},"72":{"start":{"line":73,"column":0},"end":{"line":73,"column":23}},"73":{"start":{"line":74,"column":0},"end":{"line":74,"column":31}},"74":{"start":{"line":75,"column":0},"end":{"line":75,"column":25}},"75":{"start":{"line":76,"column":0},"end":{"line":76,"column":24}},"76":{"start":{"line":77,"column":0},"end":{"line":77,"column":24}},"77":{"start":{"line":78,"column":0},"end":{"line":78,"column":35}},"78":{"start":{"line":79,"column":0},"end":{"line":79,"column":30}},"79":{"start":{"line":80,"column":0},"end":{"line":80,"column":30}},"80":{"start":{"line":81,"column":0},"end":{"line":81,"column":48}},"81":{"start":{"line":82,"column":0},"end":{"line":82,"column":33}},"82":{"start":{"line":83,"column":0},"end":{"line":83,"column":34}},"83":{"start":{"line":84,"column":0},"end":{"line":84,"column":35}},"86":{"start":{"line":87,"column":0},"end":{"line":87,"column":24}},"87":{"start":{"line":88,"column":0},"end":{"line":88,"column":58}},"88":{"start":{"line":89,"column":0},"end":{"line":89,"column":60}},"89":{"start":{"line":90,"column":0},"end":{"line":90,"column":31}},"90":{"start":{"line":91,"column":0},"end":{"line":91,"column":42}},"91":{"start":{"line":92,"column":0},"end":{"line":92,"column":39}},"97":{"start":{"line":98,"column":0},"end":{"line":98,"column":32}},"98":{"start":{"line":99,"column":0},"end":{"line":99,"column":41}},"99":{"start":{"line":100,"column":0},"end":{"line":100,"column":29}},"100":{"start":{"line":101,"column":0},"end":{"line":101,"column":23}},"101":{"start":{"line":102,"column":0},"end":{"line":102,"column":31}},"102":{"start":{"line":103,"column":0},"end":{"line":103,"column":23}},"103":{"start":{"line":104,"column":0},"end":{"line":104,"column":22}},"104":{"start":{"line":105,"column":0},"end":{"line":105,"column":31}},"105":{"start":{"line":106,"column":0},"end":{"line":106,"column":35}},"106":{"start":{"line":107,"column":0},"end":{"line":107,"column":60}},"107":{"start":{"line":108,"column":0},"end":{"line":108,"column":67}},"108":{"start":{"line":109,"column":0},"end":{"line":109,"column":50}},"109":{"start":{"line":110,"column":0},"end":{"line":110,"column":37}},"110":{"start":{"line":111,"column":0},"end":{"line":111,"column":41}},"111":{"start":{"line":112,"column":0},"end":{"line":112,"column":59}},"114":{"start":{"line":115,"column":0},"end":{"line":115,"column":79}},"115":{"start":{"line":116,"column":0},"end":{"line":116,"column":64}},"116":{"start":{"line":117,"column":0},"end":{"line":117,"column":68}},"117":{"start":{"line":118,"column":0},"end":{"line":118,"column":29}},"118":{"start":{"line":119,"column":0},"end":{"line":119,"column":43}},"119":{"start":{"line":120,"column":0},"end":{"line":120,"column":40}},"121":{"start":{"line":122,"column":0},"end":{"line":122,"column":40}},"122":{"start":{"line":123,"column":0},"end":{"line":123,"column":42}},"123":{"start":{"line":124,"column":0},"end":{"line":124,"column":5}},"132":{"start":{"line":133,"column":0},"end":{"line":133,"column":40}},"133":{"start":{"line":134,"column":0},"end":{"line":134,"column":35}},"136":{"start":{"line":137,"column":0},"end":{"line":137,"column":61}},"137":{"start":{"line":138,"column":0},"end":{"line":138,"column":90}},"138":{"start":{"line":139,"column":0},"end":{"line":139,"column":83}},"139":{"start":{"line":140,"column":0},"end":{"line":140,"column":13}},"140":{"start":{"line":141,"column":0},"end":{"line":141,"column":9}},"143":{"start":{"line":144,"column":0},"end":{"line":144,"column":29}},"144":{"start":{"line":145,"column":0},"end":{"line":145,"column":64}},"145":{"start":{"line":146,"column":0},"end":{"line":146,"column":9}},"148":{"start":{"line":149,"column":0},"end":{"line":149,"column":55}},"149":{"start":{"line":150,"column":0},"end":{"line":150,"column":56}},"150":{"start":{"line":151,"column":0},"end":{"line":151,"column":73}},"151":{"start":{"line":152,"column":0},"end":{"line":152,"column":9}},"154":{"start":{"line":155,"column":0},"end":{"line":155,"column":38}},"155":{"start":{"line":156,"column":0},"end":{"line":156,"column":5}},"160":{"start":{"line":161,"column":0},"end":{"line":161,"column":36}},"161":{"start":{"line":162,"column":0},"end":{"line":162,"column":29}},"164":{"start":{"line":165,"column":0},"end":{"line":165,"column":61}},"165":{"start":{"line":166,"column":0},"end":{"line":166,"column":51}},"166":{"start":{"line":167,"column":0},"end":{"line":167,"column":79}},"167":{"start":{"line":168,"column":0},"end":{"line":168,"column":13}},"168":{"start":{"line":169,"column":0},"end":{"line":169,"column":9}},"171":{"start":{"line":172,"column":0},"end":{"line":172,"column":55}},"172":{"start":{"line":173,"column":0},"end":{"line":173,"column":56}},"173":{"start":{"line":174,"column":0},"end":{"line":174,"column":69}},"174":{"start":{"line":175,"column":0},"end":{"line":175,"column":9}},"177":{"start":{"line":178,"column":0},"end":{"line":178,"column":36}},"178":{"start":{"line":179,"column":0},"end":{"line":179,"column":5}},"183":{"start":{"line":184,"column":0},"end":{"line":184,"column":34}},"184":{"start":{"line":185,"column":0},"end":{"line":185,"column":42}},"185":{"start":{"line":186,"column":0},"end":{"line":186,"column":43}},"187":{"start":{"line":188,"column":0},"end":{"line":188,"column":61}},"188":{"start":{"line":189,"column":0},"end":{"line":189,"column":54}},"189":{"start":{"line":190,"column":0},"end":{"line":190,"column":78}},"190":{"start":{"line":191,"column":0},"end":{"line":191,"column":61}},"191":{"start":{"line":192,"column":0},"end":{"line":192,"column":78}},"192":{"start":{"line":193,"column":0},"end":{"line":193,"column":13}},"193":{"start":{"line":194,"column":0},"end":{"line":194,"column":9}},"194":{"start":{"line":195,"column":0},"end":{"line":195,"column":5}},"200":{"start":{"line":201,"column":0},"end":{"line":201,"column":42}},"201":{"start":{"line":202,"column":0},"end":{"line":202,"column":29}},"203":{"start":{"line":204,"column":0},"end":{"line":204,"column":61}},"204":{"start":{"line":205,"column":0},"end":{"line":205,"column":57}},"205":{"start":{"line":206,"column":0},"end":{"line":206,"column":86}},"206":{"start":{"line":207,"column":0},"end":{"line":207,"column":13}},"207":{"start":{"line":208,"column":0},"end":{"line":208,"column":9}},"209":{"start":{"line":210,"column":0},"end":{"line":210,"column":26}},"210":{"start":{"line":211,"column":0},"end":{"line":211,"column":5}},"216":{"start":{"line":217,"column":0},"end":{"line":217,"column":41}},"217":{"start":{"line":218,"column":0},"end":{"line":218,"column":29}},"219":{"start":{"line":220,"column":0},"end":{"line":220,"column":61}},"220":{"start":{"line":221,"column":0},"end":{"line":221,"column":56}},"221":{"start":{"line":222,"column":0},"end":{"line":222,"column":86}},"222":{"start":{"line":223,"column":0},"end":{"line":223,"column":13}},"223":{"start":{"line":224,"column":0},"end":{"line":224,"column":9}},"225":{"start":{"line":226,"column":0},"end":{"line":226,"column":26}},"226":{"start":{"line":227,"column":0},"end":{"line":227,"column":5}},"232":{"start":{"line":233,"column":0},"end":{"line":233,"column":34}},"233":{"start":{"line":234,"column":0},"end":{"line":234,"column":22}},"235":{"start":{"line":236,"column":0},"end":{"line":236,"column":61}},"236":{"start":{"line":237,"column":0},"end":{"line":237,"column":54}},"237":{"start":{"line":238,"column":0},"end":{"line":238,"column":68}},"238":{"start":{"line":239,"column":0},"end":{"line":239,"column":13}},"239":{"start":{"line":240,"column":0},"end":{"line":240,"column":9}},"241":{"start":{"line":242,"column":0},"end":{"line":242,"column":21}},"242":{"start":{"line":243,"column":0},"end":{"line":243,"column":5}},"248":{"start":{"line":249,"column":0},"end":{"line":249,"column":44}},"249":{"start":{"line":250,"column":0},"end":{"line":250,"column":29}},"251":{"start":{"line":252,"column":0},"end":{"line":252,"column":61}},"252":{"start":{"line":253,"column":0},"end":{"line":253,"column":59}},"253":{"start":{"line":254,"column":0},"end":{"line":254,"column":73}},"254":{"start":{"line":255,"column":0},"end":{"line":255,"column":13}},"255":{"start":{"line":256,"column":0},"end":{"line":256,"column":9}},"257":{"start":{"line":258,"column":0},"end":{"line":258,"column":26}},"258":{"start":{"line":259,"column":0},"end":{"line":259,"column":5}},"264":{"start":{"line":265,"column":0},"end":{"line":265,"column":41}},"265":{"start":{"line":266,"column":0},"end":{"line":266,"column":29}},"267":{"start":{"line":268,"column":0},"end":{"line":268,"column":61}},"268":{"start":{"line":269,"column":0},"end":{"line":269,"column":56}},"269":{"start":{"line":270,"column":0},"end":{"line":270,"column":73}},"270":{"start":{"line":271,"column":0},"end":{"line":271,"column":13}},"271":{"start":{"line":272,"column":0},"end":{"line":272,"column":9}},"273":{"start":{"line":274,"column":0},"end":{"line":274,"column":26}},"274":{"start":{"line":275,"column":0},"end":{"line":275,"column":5}},"281":{"start":{"line":282,"column":0},"end":{"line":282,"column":49}},"282":{"start":{"line":283,"column":0},"end":{"line":283,"column":46}},"283":{"start":{"line":284,"column":0},"end":{"line":284,"column":29}},"284":{"start":{"line":285,"column":0},"end":{"line":285,"column":31}},"285":{"start":{"line":286,"column":0},"end":{"line":286,"column":77}},"286":{"start":{"line":287,"column":0},"end":{"line":287,"column":5}},"292":{"start":{"line":293,"column":0},"end":{"line":293,"column":31}},"294":{"start":{"line":295,"column":0},"end":{"line":295,"column":32}},"295":{"start":{"line":296,"column":0},"end":{"line":296,"column":40}},"296":{"start":{"line":297,"column":0},"end":{"line":297,"column":9}},"299":{"start":{"line":300,"column":0},"end":{"line":300,"column":34}},"300":{"start":{"line":301,"column":0},"end":{"line":301,"column":65}},"301":{"start":{"line":302,"column":0},"end":{"line":302,"column":58}},"302":{"start":{"line":303,"column":0},"end":{"line":303,"column":47}},"303":{"start":{"line":304,"column":0},"end":{"line":304,"column":17}},"304":{"start":{"line":305,"column":0},"end":{"line":305,"column":13}},"305":{"start":{"line":306,"column":0},"end":{"line":306,"column":9}},"308":{"start":{"line":309,"column":0},"end":{"line":309,"column":37}},"309":{"start":{"line":310,"column":0},"end":{"line":310,"column":30}},"310":{"start":{"line":311,"column":0},"end":{"line":311,"column":9}},"313":{"start":{"line":314,"column":0},"end":{"line":314,"column":18}},"314":{"start":{"line":315,"column":0},"end":{"line":315,"column":5}},"321":{"start":{"line":322,"column":0},"end":{"line":322,"column":70}},"323":{"start":{"line":324,"column":0},"end":{"line":324,"column":56}},"326":{"start":{"line":327,"column":0},"end":{"line":327,"column":48}},"327":{"start":{"line":328,"column":0},"end":{"line":328,"column":43}},"328":{"start":{"line":329,"column":0},"end":{"line":329,"column":94}},"329":{"start":{"line":330,"column":0},"end":{"line":330,"column":13}},"330":{"start":{"line":331,"column":0},"end":{"line":331,"column":9}},"332":{"start":{"line":333,"column":0},"end":{"line":333,"column":38}},"333":{"start":{"line":334,"column":0},"end":{"line":334,"column":5}},"340":{"start":{"line":341,"column":0},"end":{"line":341,"column":104}},"342":{"start":{"line":343,"column":0},"end":{"line":343,"column":62}},"345":{"start":{"line":346,"column":0},"end":{"line":346,"column":46}},"346":{"start":{"line":347,"column":0},"end":{"line":347,"column":41}},"347":{"start":{"line":348,"column":0},"end":{"line":348,"column":82}},"348":{"start":{"line":349,"column":0},"end":{"line":349,"column":82}},"349":{"start":{"line":350,"column":0},"end":{"line":350,"column":86}},"350":{"start":{"line":351,"column":0},"end":{"line":351,"column":69}},"351":{"start":{"line":352,"column":0},"end":{"line":352,"column":88}},"352":{"start":{"line":353,"column":0},"end":{"line":353,"column":17}},"353":{"start":{"line":354,"column":0},"end":{"line":354,"column":13}},"354":{"start":{"line":355,"column":0},"end":{"line":355,"column":9}},"356":{"start":{"line":357,"column":0},"end":{"line":357,"column":28}},"357":{"start":{"line":358,"column":0},"end":{"line":358,"column":5}},"364":{"start":{"line":365,"column":0},"end":{"line":365,"column":106}},"366":{"start":{"line":367,"column":0},"end":{"line":367,"column":64}},"369":{"start":{"line":370,"column":0},"end":{"line":370,"column":46}},"370":{"start":{"line":371,"column":0},"end":{"line":371,"column":41}},"371":{"start":{"line":372,"column":0},"end":{"line":372,"column":82}},"372":{"start":{"line":373,"column":0},"end":{"line":373,"column":82}},"373":{"start":{"line":374,"column":0},"end":{"line":374,"column":86}},"374":{"start":{"line":375,"column":0},"end":{"line":375,"column":69}},"375":{"start":{"line":376,"column":0},"end":{"line":376,"column":88}},"376":{"start":{"line":377,"column":0},"end":{"line":377,"column":17}},"377":{"start":{"line":378,"column":0},"end":{"line":378,"column":13}},"378":{"start":{"line":379,"column":0},"end":{"line":379,"column":9}},"380":{"start":{"line":381,"column":0},"end":{"line":381,"column":28}},"381":{"start":{"line":382,"column":0},"end":{"line":382,"column":5}},"387":{"start":{"line":388,"column":0},"end":{"line":388,"column":54}},"388":{"start":{"line":389,"column":0},"end":{"line":389,"column":16}},"390":{"start":{"line":391,"column":0},"end":{"line":391,"column":33}},"391":{"start":{"line":392,"column":0},"end":{"line":392,"column":39}},"392":{"start":{"line":393,"column":0},"end":{"line":393,"column":41}},"393":{"start":{"line":394,"column":0},"end":{"line":394,"column":87}},"394":{"start":{"line":395,"column":0},"end":{"line":395,"column":56}},"395":{"start":{"line":396,"column":0},"end":{"line":396,"column":29}},"396":{"start":{"line":397,"column":0},"end":{"line":397,"column":37}},"397":{"start":{"line":398,"column":0},"end":{"line":398,"column":30}},"398":{"start":{"line":399,"column":0},"end":{"line":399,"column":32}},"399":{"start":{"line":400,"column":0},"end":{"line":400,"column":46}},"400":{"start":{"line":401,"column":0},"end":{"line":401,"column":33}},"401":{"start":{"line":402,"column":0},"end":{"line":402,"column":27}},"402":{"start":{"line":403,"column":0},"end":{"line":403,"column":14}},"403":{"start":{"line":404,"column":0},"end":{"line":404,"column":33}},"404":{"start":{"line":405,"column":0},"end":{"line":405,"column":39}},"405":{"start":{"line":406,"column":0},"end":{"line":406,"column":41}},"406":{"start":{"line":407,"column":0},"end":{"line":407,"column":80}},"407":{"start":{"line":408,"column":0},"end":{"line":408,"column":54}},"408":{"start":{"line":409,"column":0},"end":{"line":409,"column":30}},"409":{"start":{"line":410,"column":0},"end":{"line":410,"column":37}},"410":{"start":{"line":411,"column":0},"end":{"line":411,"column":29}},"411":{"start":{"line":412,"column":0},"end":{"line":412,"column":32}},"412":{"start":{"line":413,"column":0},"end":{"line":413,"column":41}},"413":{"start":{"line":414,"column":0},"end":{"line":414,"column":35}},"414":{"start":{"line":415,"column":0},"end":{"line":415,"column":27}},"415":{"start":{"line":416,"column":0},"end":{"line":416,"column":14}},"416":{"start":{"line":417,"column":0},"end":{"line":417,"column":37}},"417":{"start":{"line":418,"column":0},"end":{"line":418,"column":43}},"418":{"start":{"line":419,"column":0},"end":{"line":419,"column":45}},"419":{"start":{"line":420,"column":0},"end":{"line":420,"column":78}},"420":{"start":{"line":421,"column":0},"end":{"line":421,"column":54}},"421":{"start":{"line":422,"column":0},"end":{"line":422,"column":30}},"422":{"start":{"line":423,"column":0},"end":{"line":423,"column":36}},"423":{"start":{"line":424,"column":0},"end":{"line":424,"column":29}},"424":{"start":{"line":425,"column":0},"end":{"line":425,"column":32}},"425":{"start":{"line":426,"column":0},"end":{"line":426,"column":41}},"426":{"start":{"line":427,"column":0},"end":{"line":427,"column":35}},"427":{"start":{"line":428,"column":0},"end":{"line":428,"column":27}},"428":{"start":{"line":429,"column":0},"end":{"line":429,"column":14}},"431":{"start":{"line":432,"column":0},"end":{"line":432,"column":35}},"432":{"start":{"line":433,"column":0},"end":{"line":433,"column":41}},"433":{"start":{"line":434,"column":0},"end":{"line":434,"column":43}},"434":{"start":{"line":435,"column":0},"end":{"line":435,"column":77}},"435":{"start":{"line":436,"column":0},"end":{"line":436,"column":54}},"436":{"start":{"line":437,"column":0},"end":{"line":437,"column":30}},"437":{"start":{"line":438,"column":0},"end":{"line":438,"column":37}},"438":{"start":{"line":439,"column":0},"end":{"line":439,"column":30}},"439":{"start":{"line":440,"column":0},"end":{"line":440,"column":32}},"440":{"start":{"line":441,"column":0},"end":{"line":441,"column":41}},"441":{"start":{"line":442,"column":0},"end":{"line":442,"column":31}},"442":{"start":{"line":443,"column":0},"end":{"line":443,"column":27}},"443":{"start":{"line":444,"column":0},"end":{"line":444,"column":14}},"444":{"start":{"line":445,"column":0},"end":{"line":445,"column":27}},"445":{"start":{"line":446,"column":0},"end":{"line":446,"column":33}},"446":{"start":{"line":447,"column":0},"end":{"line":447,"column":35}},"447":{"start":{"line":448,"column":0},"end":{"line":448,"column":65}},"448":{"start":{"line":449,"column":0},"end":{"line":449,"column":57}},"449":{"start":{"line":450,"column":0},"end":{"line":450,"column":30}},"450":{"start":{"line":451,"column":0},"end":{"line":451,"column":36}},"451":{"start":{"line":452,"column":0},"end":{"line":452,"column":29}},"452":{"start":{"line":453,"column":0},"end":{"line":453,"column":32}},"453":{"start":{"line":454,"column":0},"end":{"line":454,"column":43}},"454":{"start":{"line":455,"column":0},"end":{"line":455,"column":34}},"455":{"start":{"line":456,"column":0},"end":{"line":456,"column":27}},"456":{"start":{"line":457,"column":0},"end":{"line":457,"column":14}},"457":{"start":{"line":458,"column":0},"end":{"line":458,"column":33}},"458":{"start":{"line":459,"column":0},"end":{"line":459,"column":39}},"459":{"start":{"line":460,"column":0},"end":{"line":460,"column":41}},"460":{"start":{"line":461,"column":0},"end":{"line":461,"column":88}},"461":{"start":{"line":462,"column":0},"end":{"line":462,"column":58}},"462":{"start":{"line":463,"column":0},"end":{"line":463,"column":30}},"463":{"start":{"line":464,"column":0},"end":{"line":464,"column":37}},"464":{"start":{"line":465,"column":0},"end":{"line":465,"column":30}},"465":{"start":{"line":466,"column":0},"end":{"line":466,"column":32}},"466":{"start":{"line":467,"column":0},"end":{"line":467,"column":46}},"467":{"start":{"line":468,"column":0},"end":{"line":468,"column":34}},"468":{"start":{"line":469,"column":0},"end":{"line":469,"column":27}},"469":{"start":{"line":470,"column":0},"end":{"line":470,"column":14}},"472":{"start":{"line":473,"column":0},"end":{"line":473,"column":35}},"473":{"start":{"line":474,"column":0},"end":{"line":474,"column":41}},"474":{"start":{"line":475,"column":0},"end":{"line":475,"column":43}},"475":{"start":{"line":476,"column":0},"end":{"line":476,"column":66}},"476":{"start":{"line":477,"column":0},"end":{"line":477,"column":55}},"477":{"start":{"line":478,"column":0},"end":{"line":478,"column":32}},"478":{"start":{"line":479,"column":0},"end":{"line":479,"column":36}},"479":{"start":{"line":480,"column":0},"end":{"line":480,"column":29}},"480":{"start":{"line":481,"column":0},"end":{"line":481,"column":32}},"481":{"start":{"line":482,"column":0},"end":{"line":482,"column":44}},"482":{"start":{"line":483,"column":0},"end":{"line":483,"column":33}},"483":{"start":{"line":484,"column":0},"end":{"line":484,"column":27}},"484":{"start":{"line":485,"column":0},"end":{"line":485,"column":14}},"485":{"start":{"line":486,"column":0},"end":{"line":486,"column":31}},"486":{"start":{"line":487,"column":0},"end":{"line":487,"column":37}},"487":{"start":{"line":488,"column":0},"end":{"line":488,"column":39}},"488":{"start":{"line":489,"column":0},"end":{"line":489,"column":67}},"489":{"start":{"line":490,"column":0},"end":{"line":490,"column":55}},"490":{"start":{"line":491,"column":0},"end":{"line":491,"column":32}},"491":{"start":{"line":492,"column":0},"end":{"line":492,"column":37}},"492":{"start":{"line":493,"column":0},"end":{"line":493,"column":28}},"493":{"start":{"line":494,"column":0},"end":{"line":494,"column":32}},"494":{"start":{"line":495,"column":0},"end":{"line":495,"column":43}},"495":{"start":{"line":496,"column":0},"end":{"line":496,"column":33}},"496":{"start":{"line":497,"column":0},"end":{"line":497,"column":27}},"497":{"start":{"line":498,"column":0},"end":{"line":498,"column":14}},"500":{"start":{"line":501,"column":0},"end":{"line":501,"column":27}},"501":{"start":{"line":502,"column":0},"end":{"line":502,"column":33}},"502":{"start":{"line":503,"column":0},"end":{"line":503,"column":35}},"503":{"start":{"line":504,"column":0},"end":{"line":504,"column":70}},"504":{"start":{"line":505,"column":0},"end":{"line":505,"column":52}},"505":{"start":{"line":506,"column":0},"end":{"line":506,"column":31}},"506":{"start":{"line":507,"column":0},"end":{"line":507,"column":73}},"507":{"start":{"line":508,"column":0},"end":{"line":508,"column":29}},"508":{"start":{"line":509,"column":0},"end":{"line":509,"column":32}},"509":{"start":{"line":510,"column":0},"end":{"line":510,"column":46}},"510":{"start":{"line":511,"column":0},"end":{"line":511,"column":33}},"511":{"start":{"line":512,"column":0},"end":{"line":512,"column":27}},"512":{"start":{"line":513,"column":0},"end":{"line":513,"column":13}},"513":{"start":{"line":514,"column":0},"end":{"line":514,"column":10}},"514":{"start":{"line":515,"column":0},"end":{"line":515,"column":5}},"519":{"start":{"line":520,"column":0},"end":{"line":520,"column":64}},"520":{"start":{"line":521,"column":0},"end":{"line":521,"column":16}},"521":{"start":{"line":522,"column":0},"end":{"line":522,"column":33}},"522":{"start":{"line":523,"column":0},"end":{"line":523,"column":39}},"523":{"start":{"line":524,"column":0},"end":{"line":524,"column":33}},"524":{"start":{"line":525,"column":0},"end":{"line":525,"column":72}},"525":{"start":{"line":526,"column":0},"end":{"line":526,"column":28}},"526":{"start":{"line":527,"column":0},"end":{"line":527,"column":50}},"527":{"start":{"line":528,"column":0},"end":{"line":528,"column":32}},"528":{"start":{"line":529,"column":0},"end":{"line":529,"column":43}},"529":{"start":{"line":530,"column":0},"end":{"line":530,"column":32}},"530":{"start":{"line":531,"column":0},"end":{"line":531,"column":38}},"531":{"start":{"line":532,"column":0},"end":{"line":532,"column":14}},"532":{"start":{"line":533,"column":0},"end":{"line":533,"column":31}},"533":{"start":{"line":534,"column":0},"end":{"line":534,"column":37}},"534":{"start":{"line":535,"column":0},"end":{"line":535,"column":43}},"535":{"start":{"line":536,"column":0},"end":{"line":536,"column":56}},"536":{"start":{"line":537,"column":0},"end":{"line":537,"column":28}},"537":{"start":{"line":538,"column":0},"end":{"line":538,"column":50}},"538":{"start":{"line":539,"column":0},"end":{"line":539,"column":32}},"539":{"start":{"line":540,"column":0},"end":{"line":540,"column":28}},"540":{"start":{"line":541,"column":0},"end":{"line":541,"column":32}},"541":{"start":{"line":542,"column":0},"end":{"line":542,"column":39}},"542":{"start":{"line":543,"column":0},"end":{"line":543,"column":38}},"543":{"start":{"line":544,"column":0},"end":{"line":544,"column":14}},"544":{"start":{"line":545,"column":0},"end":{"line":545,"column":32}},"545":{"start":{"line":546,"column":0},"end":{"line":546,"column":38}},"546":{"start":{"line":547,"column":0},"end":{"line":547,"column":49}},"547":{"start":{"line":548,"column":0},"end":{"line":548,"column":60}},"548":{"start":{"line":549,"column":0},"end":{"line":549,"column":28}},"549":{"start":{"line":550,"column":0},"end":{"line":550,"column":36}},"550":{"start":{"line":551,"column":0},"end":{"line":551,"column":32}},"551":{"start":{"line":552,"column":0},"end":{"line":552,"column":28}},"552":{"start":{"line":553,"column":0},"end":{"line":553,"column":32}},"553":{"start":{"line":554,"column":0},"end":{"line":554,"column":39}},"554":{"start":{"line":555,"column":0},"end":{"line":555,"column":39}},"555":{"start":{"line":556,"column":0},"end":{"line":556,"column":14}},"556":{"start":{"line":557,"column":0},"end":{"line":557,"column":35}},"557":{"start":{"line":558,"column":0},"end":{"line":558,"column":41}},"558":{"start":{"line":559,"column":0},"end":{"line":559,"column":44}},"559":{"start":{"line":560,"column":0},"end":{"line":560,"column":66}},"560":{"start":{"line":561,"column":0},"end":{"line":561,"column":28}},"561":{"start":{"line":562,"column":0},"end":{"line":562,"column":36}},"562":{"start":{"line":563,"column":0},"end":{"line":563,"column":32}},"563":{"start":{"line":564,"column":0},"end":{"line":564,"column":28}},"564":{"start":{"line":565,"column":0},"end":{"line":565,"column":32}},"565":{"start":{"line":566,"column":0},"end":{"line":566,"column":39}},"566":{"start":{"line":567,"column":0},"end":{"line":567,"column":42}},"567":{"start":{"line":568,"column":0},"end":{"line":568,"column":14}},"568":{"start":{"line":569,"column":0},"end":{"line":569,"column":29}},"569":{"start":{"line":570,"column":0},"end":{"line":570,"column":35}},"570":{"start":{"line":571,"column":0},"end":{"line":571,"column":44}},"571":{"start":{"line":572,"column":0},"end":{"line":572,"column":60}},"572":{"start":{"line":573,"column":0},"end":{"line":573,"column":28}},"573":{"start":{"line":574,"column":0},"end":{"line":574,"column":36}},"574":{"start":{"line":575,"column":0},"end":{"line":575,"column":32}},"575":{"start":{"line":576,"column":0},"end":{"line":576,"column":28}},"576":{"start":{"line":577,"column":0},"end":{"line":577,"column":32}},"577":{"start":{"line":578,"column":0},"end":{"line":578,"column":39}},"578":{"start":{"line":579,"column":0},"end":{"line":579,"column":36}},"579":{"start":{"line":580,"column":0},"end":{"line":580,"column":13}},"580":{"start":{"line":581,"column":0},"end":{"line":581,"column":10}},"581":{"start":{"line":582,"column":0},"end":{"line":582,"column":5}},"586":{"start":{"line":587,"column":0},"end":{"line":587,"column":66}},"587":{"start":{"line":588,"column":0},"end":{"line":588,"column":16}},"588":{"start":{"line":589,"column":0},"end":{"line":589,"column":32}},"589":{"start":{"line":590,"column":0},"end":{"line":590,"column":38}},"590":{"start":{"line":591,"column":0},"end":{"line":591,"column":48}},"591":{"start":{"line":592,"column":0},"end":{"line":592,"column":60}},"592":{"start":{"line":593,"column":0},"end":{"line":593,"column":28}},"593":{"start":{"line":594,"column":0},"end":{"line":594,"column":48}},"594":{"start":{"line":595,"column":0},"end":{"line":595,"column":32}},"595":{"start":{"line":596,"column":0},"end":{"line":596,"column":28}},"596":{"start":{"line":597,"column":0},"end":{"line":597,"column":32}},"597":{"start":{"line":598,"column":0},"end":{"line":598,"column":39}},"598":{"start":{"line":599,"column":0},"end":{"line":599,"column":30}},"599":{"start":{"line":600,"column":0},"end":{"line":600,"column":32}},"600":{"start":{"line":601,"column":0},"end":{"line":601,"column":14}},"601":{"start":{"line":602,"column":0},"end":{"line":602,"column":29}},"602":{"start":{"line":603,"column":0},"end":{"line":603,"column":35}},"603":{"start":{"line":604,"column":0},"end":{"line":604,"column":37}},"604":{"start":{"line":605,"column":0},"end":{"line":605,"column":90}},"605":{"start":{"line":606,"column":0},"end":{"line":606,"column":28}},"606":{"start":{"line":607,"column":0},"end":{"line":607,"column":60}},"607":{"start":{"line":608,"column":0},"end":{"line":608,"column":32}},"608":{"start":{"line":609,"column":0},"end":{"line":609,"column":29}},"609":{"start":{"line":610,"column":0},"end":{"line":610,"column":32}},"610":{"start":{"line":611,"column":0},"end":{"line":611,"column":39}},"611":{"start":{"line":612,"column":0},"end":{"line":612,"column":30}},"612":{"start":{"line":613,"column":0},"end":{"line":613,"column":13}},"613":{"start":{"line":614,"column":0},"end":{"line":614,"column":10}},"614":{"start":{"line":615,"column":0},"end":{"line":615,"column":5}},"624":{"start":{"line":625,"column":0},"end":{"line":625,"column":90}},"625":{"start":{"line":626,"column":0},"end":{"line":626,"column":43}},"626":{"start":{"line":627,"column":0},"end":{"line":627,"column":34}},"629":{"start":{"line":630,"column":0},"end":{"line":630,"column":61}},"632":{"start":{"line":633,"column":0},"end":{"line":633,"column":51}},"633":{"start":{"line":634,"column":0},"end":{"line":634,"column":29}},"634":{"start":{"line":635,"column":0},"end":{"line":635,"column":35}},"635":{"start":{"line":636,"column":0},"end":{"line":636,"column":31}},"636":{"start":{"line":637,"column":0},"end":{"line":637,"column":13}},"637":{"start":{"line":638,"column":0},"end":{"line":638,"column":9}},"640":{"start":{"line":641,"column":0},"end":{"line":641,"column":31}},"641":{"start":{"line":642,"column":0},"end":{"line":642,"column":28}},"642":{"start":{"line":643,"column":0},"end":{"line":643,"column":39}},"645":{"start":{"line":646,"column":0},"end":{"line":646,"column":46}},"647":{"start":{"line":648,"column":0},"end":{"line":648,"column":66}},"648":{"start":{"line":649,"column":0},"end":{"line":649,"column":68}},"649":{"start":{"line":650,"column":0},"end":{"line":650,"column":61}},"650":{"start":{"line":651,"column":0},"end":{"line":651,"column":78}},"651":{"start":{"line":652,"column":0},"end":{"line":652,"column":39}},"653":{"start":{"line":654,"column":0},"end":{"line":654,"column":68}},"654":{"start":{"line":655,"column":0},"end":{"line":655,"column":68}},"655":{"start":{"line":656,"column":0},"end":{"line":656,"column":92}},"656":{"start":{"line":657,"column":0},"end":{"line":657,"column":16}},"658":{"start":{"line":659,"column":0},"end":{"line":659,"column":68}},"659":{"start":{"line":660,"column":0},"end":{"line":660,"column":76}},"660":{"start":{"line":661,"column":0},"end":{"line":661,"column":9}},"662":{"start":{"line":663,"column":0},"end":{"line":663,"column":20}},"663":{"start":{"line":664,"column":0},"end":{"line":664,"column":5}},"669":{"start":{"line":670,"column":0},"end":{"line":670,"column":31}},"670":{"start":{"line":671,"column":0},"end":{"line":671,"column":31}},"673":{"start":{"line":674,"column":0},"end":{"line":674,"column":67}},"674":{"start":{"line":675,"column":0},"end":{"line":675,"column":34}},"675":{"start":{"line":676,"column":0},"end":{"line":676,"column":56}},"676":{"start":{"line":677,"column":0},"end":{"line":677,"column":61}},"677":{"start":{"line":678,"column":0},"end":{"line":678,"column":40}},"679":{"start":{"line":680,"column":0},"end":{"line":680,"column":45}},"680":{"start":{"line":681,"column":0},"end":{"line":681,"column":59}},"681":{"start":{"line":682,"column":0},"end":{"line":682,"column":17}},"682":{"start":{"line":683,"column":0},"end":{"line":683,"column":13}},"683":{"start":{"line":684,"column":0},"end":{"line":684,"column":9}},"686":{"start":{"line":687,"column":0},"end":{"line":687,"column":69}},"687":{"start":{"line":688,"column":0},"end":{"line":688,"column":34}},"688":{"start":{"line":689,"column":0},"end":{"line":689,"column":56}},"689":{"start":{"line":690,"column":0},"end":{"line":690,"column":61}},"690":{"start":{"line":691,"column":0},"end":{"line":691,"column":40}},"692":{"start":{"line":693,"column":0},"end":{"line":693,"column":45}},"693":{"start":{"line":694,"column":0},"end":{"line":694,"column":61}},"694":{"start":{"line":695,"column":0},"end":{"line":695,"column":17}},"695":{"start":{"line":696,"column":0},"end":{"line":696,"column":13}},"696":{"start":{"line":697,"column":0},"end":{"line":697,"column":9}},"697":{"start":{"line":698,"column":0},"end":{"line":698,"column":5}},"703":{"start":{"line":704,"column":0},"end":{"line":704,"column":52}},"704":{"start":{"line":705,"column":0},"end":{"line":705,"column":54}},"705":{"start":{"line":706,"column":0},"end":{"line":706,"column":48}},"708":{"start":{"line":709,"column":0},"end":{"line":709,"column":46}},"709":{"start":{"line":710,"column":0},"end":{"line":710,"column":31}},"710":{"start":{"line":711,"column":0},"end":{"line":711,"column":52}},"711":{"start":{"line":712,"column":0},"end":{"line":712,"column":41}},"714":{"start":{"line":715,"column":0},"end":{"line":715,"column":32}},"715":{"start":{"line":716,"column":0},"end":{"line":716,"column":43}},"716":{"start":{"line":717,"column":0},"end":{"line":717,"column":19}},"717":{"start":{"line":718,"column":0},"end":{"line":718,"column":9}},"720":{"start":{"line":721,"column":0},"end":{"line":721,"column":32}},"721":{"start":{"line":722,"column":0},"end":{"line":722,"column":43}},"722":{"start":{"line":723,"column":0},"end":{"line":723,"column":53}},"725":{"start":{"line":726,"column":0},"end":{"line":726,"column":31}},"726":{"start":{"line":727,"column":0},"end":{"line":727,"column":59}},"727":{"start":{"line":728,"column":0},"end":{"line":728,"column":25}},"728":{"start":{"line":729,"column":0},"end":{"line":729,"column":74}},"729":{"start":{"line":730,"column":0},"end":{"line":730,"column":13}},"730":{"start":{"line":731,"column":0},"end":{"line":731,"column":35}},"733":{"start":{"line":734,"column":0},"end":{"line":734,"column":35}},"734":{"start":{"line":735,"column":0},"end":{"line":735,"column":33}},"735":{"start":{"line":736,"column":0},"end":{"line":736,"column":35}},"738":{"start":{"line":739,"column":0},"end":{"line":739,"column":36}},"739":{"start":{"line":740,"column":0},"end":{"line":740,"column":47}},"740":{"start":{"line":741,"column":0},"end":{"line":741,"column":20}},"742":{"start":{"line":743,"column":0},"end":{"line":743,"column":40}},"743":{"start":{"line":744,"column":0},"end":{"line":744,"column":36}},"744":{"start":{"line":745,"column":0},"end":{"line":745,"column":47}},"745":{"start":{"line":746,"column":0},"end":{"line":746,"column":13}},"746":{"start":{"line":747,"column":0},"end":{"line":747,"column":9}},"747":{"start":{"line":748,"column":0},"end":{"line":748,"column":5}},"753":{"start":{"line":754,"column":0},"end":{"line":754,"column":54}},"754":{"start":{"line":755,"column":0},"end":{"line":755,"column":56}},"755":{"start":{"line":756,"column":0},"end":{"line":756,"column":48}},"758":{"start":{"line":759,"column":0},"end":{"line":759,"column":45}},"759":{"start":{"line":760,"column":0},"end":{"line":760,"column":46}},"760":{"start":{"line":761,"column":0},"end":{"line":761,"column":36}},"761":{"start":{"line":762,"column":0},"end":{"line":762,"column":9}},"765":{"start":{"line":766,"column":0},"end":{"line":766,"column":32}},"766":{"start":{"line":767,"column":0},"end":{"line":767,"column":28}},"767":{"start":{"line":768,"column":0},"end":{"line":768,"column":39}},"768":{"start":{"line":769,"column":0},"end":{"line":769,"column":5}},"775":{"start":{"line":776,"column":0},"end":{"line":776,"column":86}},"776":{"start":{"line":777,"column":0},"end":{"line":777,"column":43}},"777":{"start":{"line":778,"column":0},"end":{"line":778,"column":28}},"779":{"start":{"line":780,"column":0},"end":{"line":780,"column":32}},"780":{"start":{"line":781,"column":0},"end":{"line":781,"column":28}},"781":{"start":{"line":782,"column":0},"end":{"line":782,"column":39}},"782":{"start":{"line":783,"column":0},"end":{"line":783,"column":5}},"790":{"start":{"line":791,"column":0},"end":{"line":791,"column":29}},"791":{"start":{"line":792,"column":0},"end":{"line":792,"column":31}},"792":{"start":{"line":793,"column":0},"end":{"line":793,"column":5}},"798":{"start":{"line":799,"column":0},"end":{"line":799,"column":26}},"799":{"start":{"line":800,"column":0},"end":{"line":800,"column":31}},"800":{"start":{"line":801,"column":0},"end":{"line":801,"column":5}},"806":{"start":{"line":807,"column":0},"end":{"line":807,"column":31}},"807":{"start":{"line":808,"column":0},"end":{"line":808,"column":16}},"808":{"start":{"line":809,"column":0},"end":{"line":809,"column":39}},"809":{"start":{"line":810,"column":0},"end":{"line":810,"column":40}},"810":{"start":{"line":811,"column":0},"end":{"line":811,"column":43}},"811":{"start":{"line":812,"column":0},"end":{"line":812,"column":34}},"813":{"start":{"line":814,"column":0},"end":{"line":814,"column":5}},"819":{"start":{"line":820,"column":0},"end":{"line":820,"column":30}},"820":{"start":{"line":821,"column":0},"end":{"line":821,"column":42}},"821":{"start":{"line":822,"column":0},"end":{"line":822,"column":5}},"825":{"start":{"line":826,"column":0},"end":{"line":826,"column":45}},"826":{"start":{"line":827,"column":0},"end":{"line":827,"column":42}},"828":{"start":{"line":829,"column":0},"end":{"line":829,"column":20}},"829":{"start":{"line":830,"column":0},"end":{"line":830,"column":105}},"831":{"start":{"line":832,"column":0},"end":{"line":832,"column":9}},"832":{"start":{"line":833,"column":0},"end":{"line":833,"column":20}},"833":{"start":{"line":834,"column":0},"end":{"line":834,"column":101}},"834":{"start":{"line":835,"column":0},"end":{"line":835,"column":10}},"835":{"start":{"line":836,"column":0},"end":{"line":836,"column":5}},"837":{"start":{"line":838,"column":0},"end":{"line":838,"column":40}},"839":{"start":{"line":840,"column":0},"end":{"line":840,"column":15}},"840":{"start":{"line":841,"column":0},"end":{"line":841,"column":5}},"842":{"start":{"line":843,"column":0},"end":{"line":843,"column":56}},"843":{"start":{"line":844,"column":0},"end":{"line":844,"column":27}},"844":{"start":{"line":845,"column":0},"end":{"line":845,"column":61}},"845":{"start":{"line":846,"column":0},"end":{"line":846,"column":59}},"846":{"start":{"line":847,"column":0},"end":{"line":847,"column":71}},"847":{"start":{"line":848,"column":0},"end":{"line":848,"column":13}},"848":{"start":{"line":849,"column":0},"end":{"line":849,"column":9}},"849":{"start":{"line":850,"column":0},"end":{"line":850,"column":24}},"850":{"start":{"line":851,"column":0},"end":{"line":851,"column":5}},"852":{"start":{"line":853,"column":0},"end":{"line":853,"column":52}},"853":{"start":{"line":854,"column":0},"end":{"line":854,"column":67}},"854":{"start":{"line":855,"column":0},"end":{"line":855,"column":69}},"855":{"start":{"line":856,"column":0},"end":{"line":856,"column":5}},"861":{"start":{"line":862,"column":0},"end":{"line":862,"column":34}},"862":{"start":{"line":863,"column":0},"end":{"line":863,"column":27}},"863":{"start":{"line":864,"column":0},"end":{"line":864,"column":35}},"864":{"start":{"line":865,"column":0},"end":{"line":865,"column":5}},"873":{"start":{"line":874,"column":0},"end":{"line":874,"column":30}},"874":{"start":{"line":875,"column":0},"end":{"line":875,"column":53}},"875":{"start":{"line":876,"column":0},"end":{"line":876,"column":5}},"881":{"start":{"line":882,"column":0},"end":{"line":882,"column":27}},"882":{"start":{"line":883,"column":0},"end":{"line":883,"column":49}},"883":{"start":{"line":884,"column":0},"end":{"line":884,"column":5}},"889":{"start":{"line":890,"column":0},"end":{"line":890,"column":24}},"890":{"start":{"line":891,"column":0},"end":{"line":891,"column":45}},"891":{"start":{"line":892,"column":0},"end":{"line":892,"column":42}},"892":{"start":{"line":893,"column":0},"end":{"line":893,"column":21}},"893":{"start":{"line":894,"column":0},"end":{"line":894,"column":20}},"894":{"start":{"line":895,"column":0},"end":{"line":895,"column":5}},"903":{"start":{"line":904,"column":0},"end":{"line":904,"column":47}},"904":{"start":{"line":905,"column":0},"end":{"line":905,"column":49}},"905":{"start":{"line":906,"column":0},"end":{"line":906,"column":31}},"908":{"start":{"line":909,"column":0},"end":{"line":909,"column":41}},"909":{"start":{"line":910,"column":0},"end":{"line":910,"column":93}},"910":{"start":{"line":911,"column":0},"end":{"line":911,"column":9}},"912":{"start":{"line":913,"column":0},"end":{"line":913,"column":101}},"913":{"start":{"line":914,"column":0},"end":{"line":914,"column":5}},"920":{"start":{"line":921,"column":0},"end":{"line":921,"column":50}},"921":{"start":{"line":922,"column":0},"end":{"line":922,"column":52}},"922":{"start":{"line":923,"column":0},"end":{"line":923,"column":32}},"923":{"start":{"line":924,"column":0},"end":{"line":924,"column":5}},"930":{"start":{"line":931,"column":0},"end":{"line":931,"column":52}},"931":{"start":{"line":932,"column":0},"end":{"line":932,"column":49}},"932":{"start":{"line":933,"column":0},"end":{"line":933,"column":35}},"934":{"start":{"line":935,"column":0},"end":{"line":935,"column":91}},"935":{"start":{"line":936,"column":0},"end":{"line":936,"column":5}},"943":{"start":{"line":944,"column":0},"end":{"line":944,"column":49}},"944":{"start":{"line":945,"column":0},"end":{"line":945,"column":62}},"946":{"start":{"line":947,"column":0},"end":{"line":947,"column":49}},"947":{"start":{"line":948,"column":0},"end":{"line":948,"column":52}},"949":{"start":{"line":950,"column":0},"end":{"line":950,"column":25}},"950":{"start":{"line":951,"column":0},"end":{"line":951,"column":31}},"953":{"start":{"line":954,"column":0},"end":{"line":954,"column":42}},"955":{"start":{"line":956,"column":0},"end":{"line":956,"column":20}},"956":{"start":{"line":957,"column":0},"end":{"line":957,"column":5}},"962":{"start":{"line":963,"column":0},"end":{"line":963,"column":29}},"963":{"start":{"line":964,"column":0},"end":{"line":964,"column":36}},"964":{"start":{"line":965,"column":0},"end":{"line":965,"column":5}},"982":{"start":{"line":983,"column":0},"end":{"line":983,"column":27}},"983":{"start":{"line":984,"column":0},"end":{"line":984,"column":38}},"984":{"start":{"line":985,"column":0},"end":{"line":985,"column":5}},"991":{"start":{"line":992,"column":0},"end":{"line":992,"column":25}},"992":{"start":{"line":993,"column":0},"end":{"line":993,"column":38}},"993":{"start":{"line":994,"column":0},"end":{"line":994,"column":5}},"1000":{"start":{"line":1001,"column":0},"end":{"line":1001,"column":29}},"1001":{"start":{"line":1002,"column":0},"end":{"line":1002,"column":38}},"1002":{"start":{"line":1003,"column":0},"end":{"line":1003,"column":5}},"1006":{"start":{"line":1007,"column":0},"end":{"line":1007,"column":52}},"1008":{"start":{"line":1009,"column":0},"end":{"line":1009,"column":21}},"1009":{"start":{"line":1010,"column":0},"end":{"line":1010,"column":47}},"1010":{"start":{"line":1011,"column":0},"end":{"line":1011,"column":44}},"1011":{"start":{"line":1012,"column":0},"end":{"line":1012,"column":45}},"1012":{"start":{"line":1013,"column":0},"end":{"line":1013,"column":60}},"1013":{"start":{"line":1014,"column":0},"end":{"line":1014,"column":9}},"1014":{"start":{"line":1015,"column":0},"end":{"line":1015,"column":55}},"1015":{"start":{"line":1016,"column":0},"end":{"line":1016,"column":5}},"1017":{"start":{"line":1018,"column":0},"end":{"line":1018,"column":47}},"1019":{"start":{"line":1020,"column":0},"end":{"line":1020,"column":43}},"1020":{"start":{"line":1021,"column":0},"end":{"line":1021,"column":27}},"1021":{"start":{"line":1022,"column":0},"end":{"line":1022,"column":47}},"1022":{"start":{"line":1023,"column":0},"end":{"line":1023,"column":98}},"1023":{"start":{"line":1024,"column":0},"end":{"line":1024,"column":9}},"1025":{"start":{"line":1026,"column":0},"end":{"line":1026,"column":42}},"1027":{"start":{"line":1028,"column":0},"end":{"line":1028,"column":61}},"1028":{"start":{"line":1029,"column":0},"end":{"line":1029,"column":9}},"1029":{"start":{"line":1030,"column":0},"end":{"line":1030,"column":31}},"1030":{"start":{"line":1031,"column":0},"end":{"line":1031,"column":5}},"1032":{"start":{"line":1033,"column":0},"end":{"line":1033,"column":56}},"1033":{"start":{"line":1034,"column":0},"end":{"line":1034,"column":13}},"1034":{"start":{"line":1035,"column":0},"end":{"line":1035,"column":34}},"1035":{"start":{"line":1036,"column":0},"end":{"line":1036,"column":46}},"1037":{"start":{"line":1038,"column":0},"end":{"line":1038,"column":76}},"1038":{"start":{"line":1039,"column":0},"end":{"line":1039,"column":20}},"1039":{"start":{"line":1040,"column":0},"end":{"line":1040,"column":48}},"1040":{"start":{"line":1041,"column":0},"end":{"line":1041,"column":13}},"1042":{"start":{"line":1043,"column":0},"end":{"line":1043,"column":47}},"1043":{"start":{"line":1044,"column":0},"end":{"line":1044,"column":31}},"1044":{"start":{"line":1045,"column":0},"end":{"line":1045,"column":56}},"1045":{"start":{"line":1046,"column":0},"end":{"line":1046,"column":107}},"1046":{"start":{"line":1047,"column":0},"end":{"line":1047,"column":13}},"1047":{"start":{"line":1048,"column":0},"end":{"line":1048,"column":29}},"1048":{"start":{"line":1049,"column":0},"end":{"line":1049,"column":17}},"1049":{"start":{"line":1050,"column":0},"end":{"line":1050,"column":59}},"1050":{"start":{"line":1051,"column":0},"end":{"line":1051,"column":9}},"1051":{"start":{"line":1052,"column":0},"end":{"line":1052,"column":5}},"1058":{"start":{"line":1059,"column":0},"end":{"line":1059,"column":42}},"1059":{"start":{"line":1060,"column":0},"end":{"line":1060,"column":26}},"1060":{"start":{"line":1061,"column":0},"end":{"line":1061,"column":28}},"1061":{"start":{"line":1062,"column":0},"end":{"line":1062,"column":26}},"1062":{"start":{"line":1063,"column":0},"end":{"line":1063,"column":42}},"1063":{"start":{"line":1064,"column":0},"end":{"line":1064,"column":30}},"1064":{"start":{"line":1065,"column":0},"end":{"line":1065,"column":50}},"1065":{"start":{"line":1066,"column":0},"end":{"line":1066,"column":40}},"1066":{"start":{"line":1067,"column":0},"end":{"line":1067,"column":40}},"1067":{"start":{"line":1068,"column":0},"end":{"line":1068,"column":36}},"1068":{"start":{"line":1069,"column":0},"end":{"line":1069,"column":30}},"1069":{"start":{"line":1070,"column":0},"end":{"line":1070,"column":50}},"1070":{"start":{"line":1071,"column":0},"end":{"line":1071,"column":54}},"1071":{"start":{"line":1072,"column":0},"end":{"line":1072,"column":42}},"1072":{"start":{"line":1073,"column":0},"end":{"line":1073,"column":62}},"1073":{"start":{"line":1074,"column":0},"end":{"line":1074,"column":56}},"1074":{"start":{"line":1075,"column":0},"end":{"line":1075,"column":46}},"1075":{"start":{"line":1076,"column":0},"end":{"line":1076,"column":48}},"1076":{"start":{"line":1077,"column":0},"end":{"line":1077,"column":29}},"1077":{"start":{"line":1078,"column":0},"end":{"line":1078,"column":33}},"1078":{"start":{"line":1079,"column":0},"end":{"line":1079,"column":10}},"1080":{"start":{"line":1081,"column":0},"end":{"line":1081,"column":50}},"1082":{"start":{"line":1083,"column":0},"end":{"line":1083,"column":24}},"1083":{"start":{"line":1084,"column":0},"end":{"line":1084,"column":57}},"1084":{"start":{"line":1085,"column":0},"end":{"line":1085,"column":61}},"1085":{"start":{"line":1086,"column":0},"end":{"line":1086,"column":35}},"1086":{"start":{"line":1087,"column":0},"end":{"line":1087,"column":32}},"1087":{"start":{"line":1088,"column":0},"end":{"line":1088,"column":36}},"1088":{"start":{"line":1089,"column":0},"end":{"line":1089,"column":27}},"1089":{"start":{"line":1090,"column":0},"end":{"line":1090,"column":32}},"1090":{"start":{"line":1091,"column":0},"end":{"line":1091,"column":15}},"1091":{"start":{"line":1092,"column":0},"end":{"line":1092,"column":16}},"1092":{"start":{"line":1093,"column":0},"end":{"line":1093,"column":35}},"1093":{"start":{"line":1094,"column":0},"end":{"line":1094,"column":28}},"1094":{"start":{"line":1095,"column":0},"end":{"line":1095,"column":33}},"1095":{"start":{"line":1096,"column":0},"end":{"line":1096,"column":82}},"1096":{"start":{"line":1097,"column":0},"end":{"line":1097,"column":15}},"1097":{"start":{"line":1098,"column":0},"end":{"line":1098,"column":9}},"1098":{"start":{"line":1099,"column":0},"end":{"line":1099,"column":5}},"1105":{"start":{"line":1106,"column":0},"end":{"line":1106,"column":92}},"1106":{"start":{"line":1107,"column":0},"end":{"line":1107,"column":13}},"1107":{"start":{"line":1108,"column":0},"end":{"line":1108,"column":55}},"1108":{"start":{"line":1109,"column":0},"end":{"line":1109,"column":25}},"1109":{"start":{"line":1110,"column":0},"end":{"line":1110,"column":29}},"1111":{"start":{"line":1112,"column":0},"end":{"line":1112,"column":50}},"1113":{"start":{"line":1114,"column":0},"end":{"line":1114,"column":39}},"1114":{"start":{"line":1115,"column":0},"end":{"line":1115,"column":58}},"1115":{"start":{"line":1116,"column":0},"end":{"line":1116,"column":25}},"1116":{"start":{"line":1117,"column":0},"end":{"line":1117,"column":105}},"1117":{"start":{"line":1118,"column":0},"end":{"line":1118,"column":56}},"1119":{"start":{"line":1120,"column":0},"end":{"line":1120,"column":73}},"1120":{"start":{"line":1121,"column":0},"end":{"line":1121,"column":53}},"1121":{"start":{"line":1122,"column":0},"end":{"line":1122,"column":20}},"1122":{"start":{"line":1123,"column":0},"end":{"line":1123,"column":73}},"1123":{"start":{"line":1124,"column":0},"end":{"line":1124,"column":13}},"1126":{"start":{"line":1127,"column":0},"end":{"line":1127,"column":51}},"1127":{"start":{"line":1128,"column":0},"end":{"line":1128,"column":87}},"1128":{"start":{"line":1129,"column":0},"end":{"line":1129,"column":13}},"1131":{"start":{"line":1132,"column":0},"end":{"line":1132,"column":38}},"1132":{"start":{"line":1133,"column":0},"end":{"line":1133,"column":36}},"1133":{"start":{"line":1134,"column":0},"end":{"line":1134,"column":52}},"1134":{"start":{"line":1135,"column":0},"end":{"line":1135,"column":45}},"1137":{"start":{"line":1138,"column":0},"end":{"line":1138,"column":52}},"1140":{"start":{"line":1141,"column":0},"end":{"line":1141,"column":58}},"1141":{"start":{"line":1142,"column":0},"end":{"line":1142,"column":57}},"1142":{"start":{"line":1143,"column":0},"end":{"line":1143,"column":101}},"1145":{"start":{"line":1146,"column":0},"end":{"line":1146,"column":59}},"1146":{"start":{"line":1147,"column":0},"end":{"line":1147,"column":71}},"1147":{"start":{"line":1148,"column":0},"end":{"line":1148,"column":51}},"1148":{"start":{"line":1149,"column":0},"end":{"line":1149,"column":63}},"1149":{"start":{"line":1150,"column":0},"end":{"line":1150,"column":75}},"1150":{"start":{"line":1151,"column":0},"end":{"line":1151,"column":53}},"1152":{"start":{"line":1153,"column":0},"end":{"line":1153,"column":57}},"1153":{"start":{"line":1154,"column":0},"end":{"line":1154,"column":81}},"1154":{"start":{"line":1155,"column":0},"end":{"line":1155,"column":75}},"1156":{"start":{"line":1157,"column":0},"end":{"line":1157,"column":78}},"1157":{"start":{"line":1158,"column":0},"end":{"line":1158,"column":45}},"1160":{"start":{"line":1161,"column":0},"end":{"line":1161,"column":46}},"1162":{"start":{"line":1163,"column":0},"end":{"line":1163,"column":46}},"1163":{"start":{"line":1164,"column":0},"end":{"line":1164,"column":25}},"1164":{"start":{"line":1165,"column":0},"end":{"line":1165,"column":80}},"1165":{"start":{"line":1166,"column":0},"end":{"line":1166,"column":9}},"1166":{"start":{"line":1167,"column":0},"end":{"line":1167,"column":5}},"1168":{"start":{"line":1169,"column":0},"end":{"line":1169,"column":50}},"1169":{"start":{"line":1170,"column":0},"end":{"line":1170,"column":16}},"1170":{"start":{"line":1171,"column":0},"end":{"line":1171,"column":44}},"1171":{"start":{"line":1172,"column":0},"end":{"line":1172,"column":43}},"1172":{"start":{"line":1173,"column":0},"end":{"line":1173,"column":51}},"1173":{"start":{"line":1174,"column":0},"end":{"line":1174,"column":75}},"1174":{"start":{"line":1175,"column":0},"end":{"line":1175,"column":55}},"1175":{"start":{"line":1176,"column":0},"end":{"line":1176,"column":48}},"1176":{"start":{"line":1177,"column":0},"end":{"line":1177,"column":40}},"1178":{"start":{"line":1179,"column":0},"end":{"line":1179,"column":5}},"1186":{"start":{"line":1187,"column":0},"end":{"line":1187,"column":27}},"1187":{"start":{"line":1188,"column":0},"end":{"line":1188,"column":52}},"1188":{"start":{"line":1189,"column":0},"end":{"line":1189,"column":13}},"1189":{"start":{"line":1190,"column":0},"end":{"line":1190,"column":51}},"1190":{"start":{"line":1191,"column":0},"end":{"line":1191,"column":91}},"1191":{"start":{"line":1192,"column":0},"end":{"line":1192,"column":123}},"1192":{"start":{"line":1193,"column":0},"end":{"line":1193,"column":25}},"1193":{"start":{"line":1194,"column":0},"end":{"line":1194,"column":63}},"1194":{"start":{"line":1195,"column":0},"end":{"line":1195,"column":9}},"1195":{"start":{"line":1196,"column":0},"end":{"line":1196,"column":5}},"1201":{"start":{"line":1202,"column":0},"end":{"line":1202,"column":32}},"1202":{"start":{"line":1203,"column":0},"end":{"line":1203,"column":58}},"1203":{"start":{"line":1204,"column":0},"end":{"line":1204,"column":13}},"1204":{"start":{"line":1205,"column":0},"end":{"line":1205,"column":55}},"1205":{"start":{"line":1206,"column":0},"end":{"line":1206,"column":43}},"1206":{"start":{"line":1207,"column":0},"end":{"line":1207,"column":63}},"1207":{"start":{"line":1208,"column":0},"end":{"line":1208,"column":59}},"1208":{"start":{"line":1209,"column":0},"end":{"line":1209,"column":78}},"1209":{"start":{"line":1210,"column":0},"end":{"line":1210,"column":41}},"1210":{"start":{"line":1211,"column":0},"end":{"line":1211,"column":36}},"1211":{"start":{"line":1212,"column":0},"end":{"line":1212,"column":28}},"1212":{"start":{"line":1213,"column":0},"end":{"line":1213,"column":89}},"1213":{"start":{"line":1214,"column":0},"end":{"line":1214,"column":37}},"1214":{"start":{"line":1215,"column":0},"end":{"line":1215,"column":21}},"1215":{"start":{"line":1216,"column":0},"end":{"line":1216,"column":17}},"1216":{"start":{"line":1217,"column":0},"end":{"line":1217,"column":13}},"1217":{"start":{"line":1218,"column":0},"end":{"line":1218,"column":25}},"1218":{"start":{"line":1219,"column":0},"end":{"line":1219,"column":25}},"1219":{"start":{"line":1220,"column":0},"end":{"line":1220,"column":64}},"1220":{"start":{"line":1221,"column":0},"end":{"line":1221,"column":25}},"1221":{"start":{"line":1222,"column":0},"end":{"line":1222,"column":9}},"1222":{"start":{"line":1223,"column":0},"end":{"line":1223,"column":5}},"1227":{"start":{"line":1228,"column":0},"end":{"line":1228,"column":32}},"1228":{"start":{"line":1229,"column":0},"end":{"line":1229,"column":56}},"1229":{"start":{"line":1230,"column":0},"end":{"line":1230,"column":13}},"1230":{"start":{"line":1231,"column":0},"end":{"line":1231,"column":51}},"1231":{"start":{"line":1232,"column":0},"end":{"line":1232,"column":63}},"1232":{"start":{"line":1233,"column":0},"end":{"line":1233,"column":25}},"1233":{"start":{"line":1234,"column":0},"end":{"line":1234,"column":68}},"1234":{"start":{"line":1235,"column":0},"end":{"line":1235,"column":9}},"1235":{"start":{"line":1236,"column":0},"end":{"line":1236,"column":5}},"1241":{"start":{"line":1242,"column":0},"end":{"line":1242,"column":37}},"1242":{"start":{"line":1243,"column":0},"end":{"line":1243,"column":62}},"1243":{"start":{"line":1244,"column":0},"end":{"line":1244,"column":13}},"1244":{"start":{"line":1245,"column":0},"end":{"line":1245,"column":70}},"1245":{"start":{"line":1246,"column":0},"end":{"line":1246,"column":27}},"1246":{"start":{"line":1247,"column":0},"end":{"line":1247,"column":57}},"1247":{"start":{"line":1248,"column":0},"end":{"line":1248,"column":37}},"1248":{"start":{"line":1249,"column":0},"end":{"line":1249,"column":32}},"1249":{"start":{"line":1250,"column":0},"end":{"line":1250,"column":24}},"1250":{"start":{"line":1251,"column":0},"end":{"line":1251,"column":90}},"1251":{"start":{"line":1252,"column":0},"end":{"line":1252,"column":33}},"1252":{"start":{"line":1253,"column":0},"end":{"line":1253,"column":17}},"1253":{"start":{"line":1254,"column":0},"end":{"line":1254,"column":13}},"1254":{"start":{"line":1255,"column":0},"end":{"line":1255,"column":25}},"1255":{"start":{"line":1256,"column":0},"end":{"line":1256,"column":25}},"1256":{"start":{"line":1257,"column":0},"end":{"line":1257,"column":69}},"1257":{"start":{"line":1258,"column":0},"end":{"line":1258,"column":25}},"1258":{"start":{"line":1259,"column":0},"end":{"line":1259,"column":9}},"1259":{"start":{"line":1260,"column":0},"end":{"line":1260,"column":5}},"1266":{"start":{"line":1267,"column":0},"end":{"line":1267,"column":22}},"1268":{"start":{"line":1269,"column":0},"end":{"line":1269,"column":34}},"1269":{"start":{"line":1270,"column":0},"end":{"line":1270,"column":5}},"1276":{"start":{"line":1277,"column":0},"end":{"line":1277,"column":51}},"1277":{"start":{"line":1278,"column":0},"end":{"line":1278,"column":66}},"1280":{"start":{"line":1281,"column":0},"end":{"line":1281,"column":50}},"1281":{"start":{"line":1282,"column":0},"end":{"line":1282,"column":56}},"1282":{"start":{"line":1283,"column":0},"end":{"line":1283,"column":9}},"1283":{"start":{"line":1284,"column":0},"end":{"line":1284,"column":46}},"1284":{"start":{"line":1285,"column":0},"end":{"line":1285,"column":98}},"1285":{"start":{"line":1286,"column":0},"end":{"line":1286,"column":9}},"1288":{"start":{"line":1289,"column":0},"end":{"line":1289,"column":30}},"1289":{"start":{"line":1290,"column":0},"end":{"line":1290,"column":23}},"1290":{"start":{"line":1291,"column":0},"end":{"line":1291,"column":31}},"1291":{"start":{"line":1292,"column":0},"end":{"line":1292,"column":23}},"1292":{"start":{"line":1293,"column":0},"end":{"line":1293,"column":22}},"1293":{"start":{"line":1294,"column":0},"end":{"line":1294,"column":31}},"1294":{"start":{"line":1295,"column":0},"end":{"line":1295,"column":35}},"1295":{"start":{"line":1296,"column":0},"end":{"line":1296,"column":31}},"1296":{"start":{"line":1297,"column":0},"end":{"line":1297,"column":30}},"1297":{"start":{"line":1298,"column":0},"end":{"line":1298,"column":50}},"1298":{"start":{"line":1299,"column":0},"end":{"line":1299,"column":79}},"1299":{"start":{"line":1300,"column":0},"end":{"line":1300,"column":64}},"1300":{"start":{"line":1301,"column":0},"end":{"line":1301,"column":68}},"1301":{"start":{"line":1302,"column":0},"end":{"line":1302,"column":29}},"1302":{"start":{"line":1303,"column":0},"end":{"line":1303,"column":43}},"1303":{"start":{"line":1304,"column":0},"end":{"line":1304,"column":40}},"1304":{"start":{"line":1305,"column":0},"end":{"line":1305,"column":37}},"1305":{"start":{"line":1306,"column":0},"end":{"line":1306,"column":41}},"1306":{"start":{"line":1307,"column":0},"end":{"line":1307,"column":59}},"1307":{"start":{"line":1308,"column":0},"end":{"line":1308,"column":42}},"1308":{"start":{"line":1309,"column":0},"end":{"line":1309,"column":5}},"1309":{"start":{"line":1310,"column":0},"end":{"line":1310,"column":1}}},"s":{"69":1,"70":62,"71":62,"72":62,"73":62,"74":62,"75":62,"76":62,"77":62,"78":62,"79":62,"80":62,"81":62,"82":62,"83":62,"86":62,"87":62,"88":62,"89":62,"90":62,"91":62,"97":62,"98":62,"99":62,"100":62,"101":62,"102":62,"103":62,"104":62,"105":62,"106":62,"107":62,"108":62,"109":62,"110":62,"111":62,"114":62,"115":62,"116":62,"117":62,"118":62,"119":62,"121":62,"122":62,"123":62,"132":62,"133":96,"136":96,"137":864,"138":96,"139":96,"140":864,"143":96,"144":19,"145":19,"148":96,"149":96,"150":4,"151":4,"154":96,"155":96,"160":62,"161":96,"164":96,"165":864,"166":0,"167":0,"168":864,"171":96,"172":96,"173":4,"174":4,"177":96,"178":96,"183":62,"184":96,"185":96,"187":96,"188":864,"189":96,"190":864,"191":96,"192":96,"193":864,"194":96,"200":62,"201":0,"203":0,"204":0,"205":0,"206":0,"207":0,"209":0,"210":0,"216":62,"217":0,"219":0,"220":0,"221":0,"222":0,"223":0,"225":0,"226":0,"232":62,"233":0,"235":0,"236":0,"237":0,"238":0,"239":0,"241":0,"242":0,"248":62,"249":0,"251":0,"252":0,"253":0,"254":0,"255":0,"257":0,"258":0,"264":62,"265":0,"267":0,"268":0,"269":0,"270":0,"271":0,"273":0,"274":0,"281":62,"282":2,"283":2,"284":2,"285":2,"286":2,"292":62,"294":0,"295":0,"296":0,"299":0,"300":0,"301":0,"302":0,"303":0,"304":0,"305":0,"308":0,"309":0,"310":0,"313":0,"314":0,"321":62,"323":4,"326":4,"327":36,"328":36,"329":36,"330":36,"332":4,"333":4,"340":62,"342":4,"345":4,"346":20,"347":20,"348":20,"349":20,"350":20,"351":0,"352":0,"353":20,"354":20,"356":4,"357":4,"364":62,"366":4,"369":4,"370":8,"371":8,"372":8,"373":8,"374":8,"375":4,"376":4,"377":8,"378":8,"380":4,"381":4,"387":62,"388":66,"390":66,"391":66,"392":66,"393":66,"394":66,"395":66,"396":66,"397":66,"398":66,"399":66,"400":66,"401":66,"402":66,"403":66,"404":66,"405":66,"406":66,"407":66,"408":66,"409":66,"410":66,"411":66,"412":66,"413":66,"414":66,"415":66,"416":66,"417":66,"418":66,"419":66,"420":66,"421":66,"422":66,"423":66,"424":66,"425":66,"426":66,"427":66,"428":66,"431":66,"432":66,"433":66,"434":66,"435":66,"436":66,"437":66,"438":66,"439":66,"440":66,"441":66,"442":66,"443":66,"444":66,"445":66,"446":66,"447":66,"448":66,"449":66,"450":66,"451":66,"452":66,"453":66,"454":66,"455":66,"456":66,"457":66,"458":66,"459":66,"460":66,"461":66,"462":66,"463":66,"464":66,"465":66,"466":66,"467":66,"468":66,"469":66,"472":66,"473":66,"474":66,"475":66,"476":66,"477":66,"478":66,"479":66,"480":66,"481":66,"482":66,"483":66,"484":66,"485":66,"486":66,"487":66,"488":66,"489":66,"490":66,"491":66,"492":66,"493":66,"494":66,"495":66,"496":66,"497":66,"500":66,"501":66,"502":66,"503":66,"504":66,"505":66,"506":66,"507":66,"508":66,"509":66,"510":66,"511":66,"512":66,"513":66,"514":66,"519":62,"520":66,"521":66,"522":66,"523":66,"524":66,"525":66,"526":66,"527":66,"528":66,"529":66,"530":66,"531":66,"532":66,"533":66,"534":66,"535":66,"536":66,"537":66,"538":66,"539":66,"540":66,"541":66,"542":66,"543":66,"544":66,"545":66,"546":66,"547":66,"548":66,"549":66,"550":66,"551":66,"552":66,"553":66,"554":66,"555":66,"556":66,"557":66,"558":66,"559":66,"560":66,"561":66,"562":66,"563":66,"564":66,"565":66,"566":66,"567":66,"568":66,"569":66,"570":66,"571":66,"572":66,"573":66,"574":66,"575":66,"576":66,"577":66,"578":66,"579":66,"580":66,"581":66,"586":62,"587":66,"588":66,"589":66,"590":66,"591":66,"592":66,"593":66,"594":66,"595":66,"596":66,"597":66,"598":66,"599":66,"600":66,"601":66,"602":66,"603":66,"604":66,"605":66,"606":66,"607":66,"608":66,"609":66,"610":66,"611":66,"612":66,"613":66,"614":66,"624":62,"625":0,"626":0,"629":0,"632":0,"633":0,"634":0,"635":0,"636":0,"637":0,"640":0,"641":0,"642":0,"645":0,"647":0,"648":0,"649":0,"650":0,"651":0,"653":0,"654":0,"655":0,"656":0,"658":0,"659":0,"660":0,"662":0,"663":0,"669":62,"670":0,"673":0,"674":0,"675":0,"676":0,"677":0,"679":0,"680":0,"681":0,"682":0,"683":0,"686":0,"687":0,"688":0,"689":0,"690":0,"692":0,"693":0,"694":0,"695":0,"696":0,"697":0,"703":62,"704":0,"705":0,"708":0,"709":0,"710":0,"711":0,"714":0,"715":0,"716":0,"717":0,"720":0,"721":0,"722":0,"725":0,"726":0,"727":0,"728":0,"729":0,"730":0,"733":0,"734":0,"735":0,"738":0,"739":0,"740":0,"742":0,"743":0,"744":0,"745":0,"746":0,"747":0,"753":62,"754":0,"755":0,"758":0,"759":0,"760":0,"761":0,"765":0,"766":0,"767":0,"768":0,"775":62,"776":0,"777":0,"779":0,"780":0,"781":0,"782":0,"790":62,"791":0,"792":0,"798":62,"799":0,"800":0,"806":62,"807":0,"808":0,"809":0,"810":0,"811":0,"813":0,"819":62,"820":0,"821":0,"825":62,"826":62,"828":0,"829":0,"831":0,"832":62,"833":62,"834":62,"835":62,"837":62,"839":62,"840":62,"842":62,"843":0,"844":0,"845":0,"846":0,"847":0,"848":0,"849":0,"850":0,"852":62,"853":0,"854":0,"855":0,"861":62,"862":7,"863":7,"864":7,"873":62,"874":18,"875":18,"881":62,"882":8,"883":8,"889":62,"890":6,"891":5,"892":5,"893":5,"894":6,"903":62,"904":22,"905":22,"908":22,"909":2,"910":2,"912":20,"913":22,"920":62,"921":12,"922":12,"923":12,"930":62,"931":10,"932":10,"934":10,"935":10,"943":62,"944":7,"946":5,"947":5,"949":5,"950":5,"953":5,"955":5,"956":7,"962":62,"963":2,"964":2,"982":62,"983":0,"984":0,"991":62,"992":0,"993":0,"1000":62,"1001":0,"1002":0,"1006":62,"1008":0,"1009":0,"1010":0,"1011":0,"1012":0,"1013":0,"1014":0,"1015":0,"1017":62,"1019":0,"1020":0,"1021":0,"1022":0,"1023":0,"1025":0,"1027":0,"1028":0,"1029":0,"1030":0,"1032":62,"1033":0,"1034":0,"1035":0,"1037":0,"1038":0,"1039":0,"1040":0,"1042":0,"1043":0,"1044":0,"1045":0,"1046":0,"1047":0,"1048":0,"1049":0,"1050":0,"1051":0,"1058":62,"1059":6,"1060":6,"1061":6,"1062":6,"1063":6,"1064":6,"1065":6,"1066":6,"1067":6,"1068":6,"1069":6,"1070":6,"1071":6,"1072":6,"1073":6,"1074":6,"1075":6,"1076":6,"1077":6,"1078":6,"1080":6,"1082":6,"1083":0,"1084":0,"1085":0,"1086":0,"1087":0,"1088":0,"1089":0,"1090":0,"1091":6,"1092":6,"1093":6,"1094":6,"1095":6,"1096":6,"1097":6,"1098":6,"1105":62,"1106":6,"1107":6,"1108":6,"1109":6,"1111":6,"1113":4,"1114":4,"1115":4,"1116":4,"1117":6,"1119":0,"1120":0,"1121":1,"1122":1,"1123":1,"1126":6,"1127":0,"1128":0,"1131":4,"1132":4,"1133":4,"1134":6,"1137":6,"1140":6,"1141":6,"1142":6,"1145":6,"1146":4,"1147":0,"1148":6,"1149":4,"1150":0,"1152":6,"1153":6,"1154":6,"1156":6,"1157":6,"1160":6,"1162":6,"1163":6,"1164":1,"1165":1,"1166":6,"1168":62,"1169":4,"1170":4,"1171":4,"1172":4,"1173":4,"1174":4,"1175":4,"1176":4,"1178":4,"1186":62,"1187":0,"1188":0,"1189":0,"1190":0,"1191":0,"1192":0,"1193":0,"1194":0,"1195":0,"1201":62,"1202":0,"1203":0,"1204":0,"1205":0,"1206":0,"1207":0,"1208":0,"1209":0,"1210":0,"1211":0,"1212":0,"1213":0,"1214":0,"1215":0,"1216":0,"1217":0,"1218":0,"1219":0,"1220":0,"1221":0,"1222":0,"1227":62,"1228":0,"1229":0,"1230":0,"1231":0,"1232":0,"1233":0,"1234":0,"1235":0,"1241":62,"1242":0,"1243":0,"1244":0,"1245":0,"1246":0,"1247":0,"1248":0,"1249":0,"1250":0,"1251":0,"1252":0,"1253":0,"1254":0,"1255":0,"1256":0,"1257":0,"1258":0,"1259":0,"1266":62,"1268":0,"1269":0,"1276":62,"1277":0,"1280":0,"1281":0,"1282":0,"1283":0,"1284":0,"1285":0,"1288":0,"1289":0,"1290":0,"1291":0,"1292":0,"1293":0,"1294":0,"1295":0,"1296":0,"1297":0,"1298":0,"1299":0,"1300":0,"1301":0,"1302":0,"1303":0,"1304":0,"1305":0,"1306":0,"1307":0,"1308":0,"1309":62},"branchMap":{"0":{"type":"branch","line":70,"loc":{"start":{"line":70,"column":7},"end":{"line":1310,"column":1}},"locations":[{"start":{"line":70,"column":7},"end":{"line":1310,"column":1}}]},"1":{"type":"branch","line":98,"loc":{"start":{"line":98,"column":4},"end":{"line":124,"column":5}},"locations":[{"start":{"line":98,"column":4},"end":{"line":124,"column":5}}]},"2":{"type":"branch","line":99,"loc":{"start":{"line":99,"column":20},"end":{"line":99,"column":41}},"locations":[{"start":{"line":99,"column":20},"end":{"line":99,"column":41}}]},"3":{"type":"branch","line":133,"loc":{"start":{"line":133,"column":4},"end":{"line":156,"column":5}},"locations":[{"start":{"line":133,"column":4},"end":{"line":156,"column":5}}]},"4":{"type":"branch","line":137,"loc":{"start":{"line":137,"column":60},"end":{"line":141,"column":9}},"locations":[{"start":{"line":137,"column":60},"end":{"line":141,"column":9}}]},"5":{"type":"branch","line":138,"loc":{"start":{"line":138,"column":39},"end":{"line":138,"column":89}},"locations":[{"start":{"line":138,"column":39},"end":{"line":138,"column":89}}]},"6":{"type":"branch","line":138,"loc":{"start":{"line":138,"column":89},"end":{"line":140,"column":13}},"locations":[{"start":{"line":138,"column":89},"end":{"line":140,"column":13}}]},"7":{"type":"branch","line":144,"loc":{"start":{"line":144,"column":28},"end":{"line":146,"column":9}},"locations":[{"start":{"line":144,"column":28},"end":{"line":146,"column":9}}]},"8":{"type":"branch","line":150,"loc":{"start":{"line":150,"column":55},"end":{"line":152,"column":9}},"locations":[{"start":{"line":150,"column":55},"end":{"line":152,"column":9}}]},"9":{"type":"branch","line":161,"loc":{"start":{"line":161,"column":4},"end":{"line":179,"column":5}},"locations":[{"start":{"line":161,"column":4},"end":{"line":179,"column":5}}]},"10":{"type":"branch","line":165,"loc":{"start":{"line":165,"column":60},"end":{"line":169,"column":9}},"locations":[{"start":{"line":165,"column":60},"end":{"line":169,"column":9}}]},"11":{"type":"branch","line":166,"loc":{"start":{"line":166,"column":50},"end":{"line":168,"column":13}},"locations":[{"start":{"line":166,"column":50},"end":{"line":168,"column":13}}]},"12":{"type":"branch","line":173,"loc":{"start":{"line":173,"column":55},"end":{"line":175,"column":9}},"locations":[{"start":{"line":173,"column":55},"end":{"line":175,"column":9}}]},"13":{"type":"branch","line":184,"loc":{"start":{"line":184,"column":4},"end":{"line":195,"column":5}},"locations":[{"start":{"line":184,"column":4},"end":{"line":195,"column":5}}]},"14":{"type":"branch","line":188,"loc":{"start":{"line":188,"column":60},"end":{"line":194,"column":9}},"locations":[{"start":{"line":188,"column":60},"end":{"line":194,"column":9}}]},"15":{"type":"branch","line":189,"loc":{"start":{"line":189,"column":53},"end":{"line":191,"column":23}},"locations":[{"start":{"line":189,"column":53},"end":{"line":191,"column":23}}]},"16":{"type":"branch","line":191,"loc":{"start":{"line":191,"column":12},"end":{"line":193,"column":13}},"locations":[{"start":{"line":191,"column":12},"end":{"line":193,"column":13}}]},"17":{"type":"branch","line":191,"loc":{"start":{"line":191,"column":60},"end":{"line":193,"column":13}},"locations":[{"start":{"line":191,"column":60},"end":{"line":193,"column":13}}]},"18":{"type":"branch","line":282,"loc":{"start":{"line":282,"column":4},"end":{"line":287,"column":5}},"locations":[{"start":{"line":282,"column":4},"end":{"line":287,"column":5}}]},"19":{"type":"branch","line":322,"loc":{"start":{"line":322,"column":4},"end":{"line":334,"column":5}},"locations":[{"start":{"line":322,"column":4},"end":{"line":334,"column":5}}]},"20":{"type":"branch","line":327,"loc":{"start":{"line":327,"column":47},"end":{"line":331,"column":9}},"locations":[{"start":{"line":327,"column":47},"end":{"line":331,"column":9}}]},"21":{"type":"branch","line":341,"loc":{"start":{"line":341,"column":4},"end":{"line":358,"column":5}},"locations":[{"start":{"line":341,"column":4},"end":{"line":358,"column":5}}]},"22":{"type":"branch","line":346,"loc":{"start":{"line":346,"column":45},"end":{"line":355,"column":9}},"locations":[{"start":{"line":346,"column":45},"end":{"line":355,"column":9}}]},"23":{"type":"branch","line":351,"loc":{"start":{"line":351,"column":68},"end":{"line":353,"column":17}},"locations":[{"start":{"line":351,"column":68},"end":{"line":353,"column":17}}]},"24":{"type":"branch","line":365,"loc":{"start":{"line":365,"column":4},"end":{"line":382,"column":5}},"locations":[{"start":{"line":365,"column":4},"end":{"line":382,"column":5}}]},"25":{"type":"branch","line":370,"loc":{"start":{"line":370,"column":45},"end":{"line":379,"column":9}},"locations":[{"start":{"line":370,"column":45},"end":{"line":379,"column":9}}]},"26":{"type":"branch","line":375,"loc":{"start":{"line":375,"column":68},"end":{"line":377,"column":17}},"locations":[{"start":{"line":375,"column":68},"end":{"line":377,"column":17}}]},"27":{"type":"branch","line":388,"loc":{"start":{"line":388,"column":4},"end":{"line":515,"column":5}},"locations":[{"start":{"line":388,"column":4},"end":{"line":515,"column":5}}]},"28":{"type":"branch","line":520,"loc":{"start":{"line":520,"column":4},"end":{"line":582,"column":5}},"locations":[{"start":{"line":520,"column":4},"end":{"line":582,"column":5}}]},"29":{"type":"branch","line":587,"loc":{"start":{"line":587,"column":4},"end":{"line":615,"column":5}},"locations":[{"start":{"line":587,"column":4},"end":{"line":615,"column":5}}]},"30":{"type":"branch","line":826,"loc":{"start":{"line":826,"column":12},"end":{"line":836,"column":5}},"locations":[{"start":{"line":826,"column":12},"end":{"line":836,"column":5}}]},"31":{"type":"branch","line":827,"loc":{"start":{"line":827,"column":41},"end":{"line":832,"column":9}},"locations":[{"start":{"line":827,"column":41},"end":{"line":832,"column":9}}]},"32":{"type":"branch","line":838,"loc":{"start":{"line":838,"column":12},"end":{"line":841,"column":5}},"locations":[{"start":{"line":838,"column":12},"end":{"line":841,"column":5}}]},"33":{"type":"branch","line":862,"loc":{"start":{"line":862,"column":4},"end":{"line":865,"column":5}},"locations":[{"start":{"line":862,"column":4},"end":{"line":865,"column":5}}]},"34":{"type":"branch","line":874,"loc":{"start":{"line":874,"column":4},"end":{"line":876,"column":5}},"locations":[{"start":{"line":874,"column":4},"end":{"line":876,"column":5}}]},"35":{"type":"branch","line":882,"loc":{"start":{"line":882,"column":4},"end":{"line":884,"column":5}},"locations":[{"start":{"line":882,"column":4},"end":{"line":884,"column":5}}]},"36":{"type":"branch","line":890,"loc":{"start":{"line":890,"column":4},"end":{"line":895,"column":5}},"locations":[{"start":{"line":890,"column":4},"end":{"line":895,"column":5}}]},"37":{"type":"branch","line":891,"loc":{"start":{"line":891,"column":32},"end":{"line":891,"column":45}},"locations":[{"start":{"line":891,"column":32},"end":{"line":891,"column":45}}]},"38":{"type":"branch","line":891,"loc":{"start":{"line":891,"column":39},"end":{"line":894,"column":20}},"locations":[{"start":{"line":891,"column":39},"end":{"line":894,"column":20}}]},"39":{"type":"branch","line":904,"loc":{"start":{"line":904,"column":4},"end":{"line":914,"column":5}},"locations":[{"start":{"line":904,"column":4},"end":{"line":914,"column":5}}]},"40":{"type":"branch","line":906,"loc":{"start":{"line":906,"column":22},"end":{"line":906,"column":31}},"locations":[{"start":{"line":906,"column":2
[...]
,"/home/eaglerock/git/tomeclicker/src/lib/constants/breakpoints.ts": {"path":"/home/eaglerock/git/tomeclicker/src/lib/constants/breakpoints.ts","all":true,"statementMap":{"5":{"start":{"line":6,"column":0},"end":{"line":6,"column":28}},"6":{"start":{"line":7,"column":0},"end":{"line":7,"column":15}},"7":{"start":{"line":8,"column":0},"end":{"line":8,"column":15}},"8":{"start":{"line":9,"column":0},"end":{"line":9,"column":15}},"9":{"start":{"line":10,"column":0},"end":{"line":10,"column":13}},"10":{"start":{"line":11,"column":0},"end":{"line":11,"column":15}},"11":{"start":{"line":12,"column":0},"end":{"line":12,"column":17}},"12":{"start":{"line":13,"column":0},"end":{"line":13,"column":17}},"13":{"start":{"line":14,"column":0},"end":{"line":14,"column":11}},"20":{"start":{"line":21,"column":0},"end":{"line":21,"column":30}},"21":{"start":{"line":22,"column":0},"end":{"line":22,"column":52}},"22":{"start":{"line":23,"column":0},"end":{"line":23,"column":52}},"23":{"start":{"line":24,"column":0},"end":{"line":24,"column":52}},"24":{"start":{"line":25,"column":0},"end":{"line":25,"column":48}},"25":{"start":{"line":26,"column":0},"end":{"line":26,"column":50}},"26":{"start":{"line":27,"column":0},"end":{"line":27,"column":54}},"27":{"start":{"line":28,"column":0},"end":{"line":28,"column":55}},"28":{"start":{"line":29,"column":0},"end":{"line":29,"column":11}},"34":{"start":{"line":35,"column":0},"end":{"line":35,"column":72}},"35":{"start":{"line":36,"column":0},"end":{"line":36,"column":49}},"36":{"start":{"line":37,"column":0},"end":{"line":37,"column":61}},"37":{"start":{"line":38,"column":0},"end":{"line":38,"column":1}},"42":{"start":{"line":43,"column":0},"end":{"line":43,"column":56}},"43":{"start":{"line":44,"column":0},"end":{"line":44,"column":54}},"45":{"start":{"line":46,"column":0},"end":{"line":46,"column":33}},"47":{"start":{"line":48,"column":0},"end":{"line":48,"column":58}},"48":{"start":{"line":49,"column":0},"end":{"line":49,"column":56}},"49":{"start":{"line":50,"column":0},"end":{"line":50,"column":52}},"50":{"start":{"line":51,"column":0},"end":{"line":51,"column":50}},"51":{"start":{"line":52,"column":0},"end":{"line":52,"column":54}},"52":{"start":{"line":53,"column":0},"end":{"line":53,"column":54}},"53":{"start":{"line":54,"column":0},"end":{"line":54,"column":19}},"54":{"start":{"line":55,"column":0},"end":{"line":55,"column":1}}},"s":{"5":0,"6":0,"7":0,"8":0,"9":0,"10":0,"11":0,"12":0,"13":0,"20":0,"21":0,"22":0,"23":0,"24":0,"25":0,"26":0,"27":0,"28":0,"34":0,"35":0,"36":0,"37":0,"42":0,"43":0,"45":0,"47":0,"48":0,"49":0,"50":0,"51":0,"52":0,"53":0,"54":0},"branchMap":{"0":{"type":"branch","line":1,"loc":{"start":{"line":1,"column":1616},"end":{"line":55,"column":1}},"locations":[{"start":{"line":1,"column":1616},"end":{"line":55,"column":1}}]}},"b":{"0":[1]},"fnMap":{"0":{"name":"(empty-report)","decl":{"start":{"line":1,"column":1616},"end":{"line":55,"column":1}},"loc":{"start":{"line":1,"column":1616},"end":{"line":55,"column":1}},"line":1}},"f":{"0":1}}
,"/home/eaglerock/git/tomeclicker/src/lib/constants/themes.ts": {"path":"/home/eaglerock/git/tomeclicker/src/lib/constants/themes.ts","all":true,"statementMap":{"22":{"start":{"line":23,"column":0},"end":{"line":23,"column":46}},"23":{"start":{"line":24,"column":0},"end":{"line":24,"column":19}},"24":{"start":{"line":25,"column":0},"end":{"line":25,"column":24}},"25":{"start":{"line":26,"column":0},"end":{"line":26,"column":31}},"26":{"start":{"line":27,"column":0},"end":{"line":27,"column":10}},"27":{"start":{"line":28,"column":0},"end":{"line":28,"column":19}},"28":{"start":{"line":29,"column":0},"end":{"line":29,"column":22}},"29":{"start":{"line":30,"column":0},"end":{"line":30,"column":21}},"30":{"start":{"line":31,"column":0},"end":{"line":31,"column":21}},"31":{"start":{"line":32,"column":0},"end":{"line":32,"column":20}},"32":{"start":{"line":33,"column":0},"end":{"line":33,"column":18}},"33":{"start":{"line":34,"column":0},"end":{"line":34,"column":20}},"34":{"start":{"line":35,"column":0},"end":{"line":35,"column":4}},"35":{"start":{"line":36,"column":0},"end":{"line":36,"column":9}},"36":{"start":{"line":37,"column":0},"end":{"line":37,"column":19}},"37":{"start":{"line":38,"column":0},"end":{"line":38,"column":22}},"38":{"start":{"line":39,"column":0},"end":{"line":39,"column":21}},"39":{"start":{"line":40,"column":0},"end":{"line":40,"column":21}},"40":{"start":{"line":41,"column":0},"end":{"line":41,"column":20}},"41":{"start":{"line":42,"column":0},"end":{"line":42,"column":18}},"42":{"start":{"line":43,"column":0},"end":{"line":43,"column":20}},"43":{"start":{"line":44,"column":0},"end":{"line":44,"column":3}},"44":{"start":{"line":45,"column":0},"end":{"line":45,"column":3}},"46":{"start":{"line":47,"column":0},"end":{"line":47,"column":22}},"47":{"start":{"line":48,"column":0},"end":{"line":48,"column":27}},"48":{"start":{"line":49,"column":0},"end":{"line":49,"column":34}},"49":{"start":{"line":50,"column":0},"end":{"line":50,"column":10}},"50":{"start":{"line":51,"column":0},"end":{"line":51,"column":17}},"51":{"start":{"line":52,"column":0},"end":{"line":52,"column":20}},"52":{"start":{"line":53,"column":0},"end":{"line":53,"column":19}},"53":{"start":{"line":54,"column":0},"end":{"line":54,"column":19}},"54":{"start":{"line":55,"column":0},"end":{"line":55,"column":20}},"55":{"start":{"line":56,"column":0},"end":{"line":56,"column":18}},"56":{"start":{"line":57,"column":0},"end":{"line":57,"column":20}},"57":{"start":{"line":58,"column":0},"end":{"line":58,"column":4}},"58":{"start":{"line":59,"column":0},"end":{"line":59,"column":9}},"59":{"start":{"line":60,"column":0},"end":{"line":60,"column":17}},"60":{"start":{"line":61,"column":0},"end":{"line":61,"column":20}},"61":{"start":{"line":62,"column":0},"end":{"line":62,"column":19}},"62":{"start":{"line":63,"column":0},"end":{"line":63,"column":19}},"63":{"start":{"line":64,"column":0},"end":{"line":64,"column":20}},"64":{"start":{"line":65,"column":0},"end":{"line":65,"column":18}},"65":{"start":{"line":66,"column":0},"end":{"line":66,"column":20}},"66":{"start":{"line":67,"column":0},"end":{"line":67,"column":3}},"67":{"start":{"line":68,"column":0},"end":{"line":68,"column":3}},"69":{"start":{"line":70,"column":0},"end":{"line":70,"column":15}},"70":{"start":{"line":71,"column":0},"end":{"line":71,"column":20}},"71":{"start":{"line":72,"column":0},"end":{"line":72,"column":27}},"72":{"start":{"line":73,"column":0},"end":{"line":73,"column":10}},"73":{"start":{"line":74,"column":0},"end":{"line":74,"column":17}},"74":{"start":{"line":75,"column":0},"end":{"line":75,"column":20}},"75":{"start":{"line":76,"column":0},"end":{"line":76,"column":19}},"76":{"start":{"line":77,"column":0},"end":{"line":77,"column":19}},"77":{"start":{"line":78,"column":0},"end":{"line":78,"column":20}},"78":{"start":{"line":79,"column":0},"end":{"line":79,"column":18}},"79":{"start":{"line":80,"column":0},"end":{"line":80,"column":20}},"80":{"start":{"line":81,"column":0},"end":{"line":81,"column":4}},"81":{"start":{"line":82,"column":0},"end":{"line":82,"column":9}},"82":{"start":{"line":83,"column":0},"end":{"line":83,"column":17}},"83":{"start":{"line":84,"column":0},"end":{"line":84,"column":20}},"84":{"start":{"line":85,"column":0},"end":{"line":85,"column":19}},"85":{"start":{"line":86,"column":0},"end":{"line":86,"column":19}},"86":{"start":{"line":87,"column":0},"end":{"line":87,"column":20}},"87":{"start":{"line":88,"column":0},"end":{"line":88,"column":18}},"88":{"start":{"line":89,"column":0},"end":{"line":89,"column":20}},"89":{"start":{"line":90,"column":0},"end":{"line":90,"column":3}},"90":{"start":{"line":91,"column":0},"end":{"line":91,"column":3}},"92":{"start":{"line":93,"column":0},"end":{"line":93,"column":20}},"93":{"start":{"line":94,"column":0},"end":{"line":94,"column":25}},"94":{"start":{"line":95,"column":0},"end":{"line":95,"column":32}},"95":{"start":{"line":96,"column":0},"end":{"line":96,"column":10}},"96":{"start":{"line":97,"column":0},"end":{"line":97,"column":17}},"97":{"start":{"line":98,"column":0},"end":{"line":98,"column":20}},"98":{"start":{"line":99,"column":0},"end":{"line":99,"column":19}},"99":{"start":{"line":100,"column":0},"end":{"line":100,"column":19}},"100":{"start":{"line":101,"column":0},"end":{"line":101,"column":20}},"101":{"start":{"line":102,"column":0},"end":{"line":102,"column":18}},"102":{"start":{"line":103,"column":0},"end":{"line":103,"column":20}},"103":{"start":{"line":104,"column":0},"end":{"line":104,"column":4}},"104":{"start":{"line":105,"column":0},"end":{"line":105,"column":9}},"105":{"start":{"line":106,"column":0},"end":{"line":106,"column":17}},"106":{"start":{"line":107,"column":0},"end":{"line":107,"column":20}},"107":{"start":{"line":108,"column":0},"end":{"line":108,"column":19}},"108":{"start":{"line":109,"column":0},"end":{"line":109,"column":19}},"109":{"start":{"line":110,"column":0},"end":{"line":110,"column":20}},"110":{"start":{"line":111,"column":0},"end":{"line":111,"column":18}},"111":{"start":{"line":112,"column":0},"end":{"line":112,"column":20}},"112":{"start":{"line":113,"column":0},"end":{"line":113,"column":3}},"113":{"start":{"line":114,"column":0},"end":{"line":114,"column":3}},"115":{"start":{"line":116,"column":0},"end":{"line":116,"column":20}},"116":{"start":{"line":117,"column":0},"end":{"line":117,"column":25}},"117":{"start":{"line":118,"column":0},"end":{"line":118,"column":32}},"118":{"start":{"line":119,"column":0},"end":{"line":119,"column":10}},"119":{"start":{"line":120,"column":0},"end":{"line":120,"column":17}},"120":{"start":{"line":121,"column":0},"end":{"line":121,"column":20}},"121":{"start":{"line":122,"column":0},"end":{"line":122,"column":19}},"122":{"start":{"line":123,"column":0},"end":{"line":123,"column":19}},"123":{"start":{"line":124,"column":0},"end":{"line":124,"column":20}},"124":{"start":{"line":125,"column":0},"end":{"line":125,"column":18}},"125":{"start":{"line":126,"column":0},"end":{"line":126,"column":20}},"126":{"start":{"line":127,"column":0},"end":{"line":127,"column":4}},"127":{"start":{"line":128,"column":0},"end":{"line":128,"column":9}},"128":{"start":{"line":129,"column":0},"end":{"line":129,"column":17}},"129":{"start":{"line":130,"column":0},"end":{"line":130,"column":20}},"130":{"start":{"line":131,"column":0},"end":{"line":131,"column":19}},"131":{"start":{"line":132,"column":0},"end":{"line":132,"column":19}},"132":{"start":{"line":133,"column":0},"end":{"line":133,"column":20}},"133":{"start":{"line":134,"column":0},"end":{"line":134,"column":18}},"134":{"start":{"line":135,"column":0},"end":{"line":135,"column":20}},"135":{"start":{"line":136,"column":0},"end":{"line":136,"column":3}},"136":{"start":{"line":137,"column":0},"end":{"line":137,"column":3}},"138":{"start":{"line":139,"column":0},"end":{"line":139,"column":20}},"139":{"start":{"line":140,"column":0},"end":{"line":140,"column":25}},"140":{"start":{"line":141,"column":0},"end":{"line":141,"column":32}},"141":{"start":{"line":142,"column":0},"end":{"line":142,"column":10}},"142":{"start":{"line":143,"column":0},"end":{"line":143,"column":17}},"143":{"start":{"line":144,"column":0},"end":{"line":144,"column":20}},"144":{"start":{"line":145,"column":0},"end":{"line":145,"column":19}},"145":{"start":{"line":146,"column":0},"end":{"line":146,"column":19}},"146":{"start":{"line":147,"column":0},"end":{"line":147,"column":18}},"147":{"start":{"line":148,"column":0},"end":{"line":148,"column":20}},"148":{"start":{"line":149,"column":0},"end":{"line":149,"column":20}},"149":{"start":{"line":150,"column":0},"end":{"line":150,"column":4}},"150":{"start":{"line":151,"column":0},"end":{"line":151,"column":9}},"151":{"start":{"line":152,"column":0},"end":{"line":152,"column":17}},"152":{"start":{"line":153,"column":0},"end":{"line":153,"column":20}},"153":{"start":{"line":154,"column":0},"end":{"line":154,"column":19}},"154":{"start":{"line":155,"column":0},"end":{"line":155,"column":19}},"155":{"start":{"line":156,"column":0},"end":{"line":156,"column":20}},"156":{"start":{"line":157,"column":0},"end":{"line":157,"column":18}},"157":{"start":{"line":158,"column":0},"end":{"line":158,"column":20}},"158":{"start":{"line":159,"column":0},"end":{"line":159,"column":3}},"159":{"start":{"line":160,"column":0},"end":{"line":160,"column":2}},"160":{"start":{"line":161,"column":0},"end":{"line":161,"column":11}},"167":{"start":{"line":168,"column":0},"end":{"line":168,"column":46}},"168":{"start":{"line":169,"column":0},"end":{"line":169,"column":43}},"169":{"start":{"line":170,"column":0},"end":{"line":170,"column":1}},"175":{"start":{"line":176,"column":0},"end":{"line":176,"column":67}},"176":{"start":{"line":177,"column":0},"end":{"line":177,"column":52}},"177":{"start":{"line":178,"column":0},"end":{"line":178,"column":1}},"183":{"start":{"line":184,"column":0},"end":{"line":184,"column":73}},"184":{"start":{"line":185,"column":0},"end":{"line":185,"column":28}},"185":{"start":{"line":186,"column":0},"end":{"line":186,"column":1}}},"s":{"22":0,"23":0,"24":0,"25":0,"26":0,"27":0,"28":0,"29":0,"30":0,"31":0,"32":0,"33":0,"34":0,"35":0,"36":0,"37":0,"38":0,"39":0,"40":0,"41":0,"42":0,"43":0,"44":0,"46":0,"47":0,"48":0,"49":0,"50":0,"51":0,"52":0,"53":0,"54":0,"55":0,"56":0,"57":0,"58":0,"59":0,"60":0,"61":0,"62":0,"63":0,"64":0,"65":0,"66":0,"67":0,"69":0,"70":0,"71":0,"72":0,"73":0,"74":0,"75":0,"76":0,"77":0,"78":0,"79":0,"80":0,"81":0,"82":0,"83":0,"84":0,"85":0,"86":0,"87":0,"88":0,"89":0,"90":0,"92":0,"93":0,"94":0,"95":0,"96":0,"97":0,"98":0,"99":0,"100":0,"101":0,"102":0,"103":0,"104":0,"105":0,"106":0,"107":0,"108":0,"109":0,"110":0,"111":0,"112":0,"113":0,"115":0,"116":0,"117":0,"118":0,"119":0,"120":0,"121":0,"122":0,"123":0,"124":0,"125":0,"126":0,"127":0,"128":0,"129":0,"130":0,"131":0,"132":0,"133":0,"134":0,"135":0,"136":0,"138":0,"139":0,"140":0,"141":0,"142":0,"143":0,"144":0,"145":0,"146":0,"147":0,"148":0,"149":0,"150":0,"151":0,"152":0,"153":0,"154":0,"155":0,"156":0,"157":0,"158":0,"159":0,"160":0,"167":0,"168":0,"169":0,"175":0,"176":0,"177":0,"183":0,"184":0,"185":0},"branchMap":{"0":{"type":"branch","line":1,"loc":{"start":{"line":1,"column":3378},"end":{"line":186,"column":1}},"locations":[{"start":{"line":1,"column":3378},"end":{"line":186,"column":1}}]}},"b":{"0":[1]},"fnMap":{"0":{"name":"(empty-report)","decl":{"start":{"line":1,"column":3378},"end":{"line":186,"column":1}},"loc":{"start":{"line":1,"column":3378},"end":{"line":186,"column":1}},"line":1}},"f":{"0":1}}
,"/home/eaglerock/git/tomeclicker/src/lib/types/index.ts": {"path":"/home/eaglerock/git/tomeclicker/src/lib/types/index.ts","all":true,"statementMap":{},"s":{},"branchMap":{"0":{"type":"branch","line":1,"loc":{"start":{"line":1,"column":1589},"end":{"line":88,"column":11}},"locations":[{"start":{"line":1,"column":1589},"end":{"line":88,"column":11}}]}},"b":{"0":[1]},"fnMap":{"0":{"name":"(empty-report)","decl":{"start":{"line":1,"column":1589},"end":{"line":88,"column":11}},"loc":{"start":{"line":1,"column":1589},"end":{"line":88,"column":11}},"line":1}},"f":{"0":1}}
,"/home/eaglerock/git/tomeclicker/src/lib/utils/format.ts": {"path":"/home/eaglerock/git/tomeclicker/src/lib/utils/format.ts","all":true,"statementMap":{"9":{"start":{"line":10,"column":0},"end":{"line":10,"column":53}},"10":{"start":{"line":11,"column":0},"end":{"line":11,"column":43}},"11":{"start":{"line":12,"column":0},"end":{"line":12,"column":1}},"19":{"start":{"line":20,"column":0},"end":{"line":20,"column":76}},"20":{"start":{"line":21,"column":0},"end":{"line":21,"column":55}},"22":{"start":{"line":23,"column":0},"end":{"line":23,"column":85}},"23":{"start":{"line":24,"column":0},"end":{"line":24,"column":58}},"25":{"start":{"line":26,"column":0},"end":{"line":26,"column":53}},"27":{"start":{"line":28,"column":0},"end":{"line":28,"column":51}},"28":{"start":{"line":29,"column":0},"end":{"line":29,"column":38}},"29":{"start":{"line":30,"column":0},"end":{"line":30,"column":30}},"31":{"start":{"line":32,"column":0},"end":{"line":32,"column":42}},"32":{"start":{"line":33,"column":0},"end":{"line":33,"column":1}},"40":{"start":{"line":41,"column":0},"end":{"line":41,"column":76}},"41":{"start":{"line":42,"column":0},"end":{"line":42,"column":46}},"42":{"start":{"line":43,"column":0},"end":{"line":43,"column":1}},"49":{"start":{"line":50,"column":0},"end":{"line":50,"column":57}},"50":{"start":{"line":51,"column":0},"end":{"line":51,"column":42}},"51":{"start":{"line":52,"column":0},"end":{"line":52,"column":51}},"52":{"start":{"line":53,"column":0},"end":{"line":53,"column":39}},"54":{"start":{"line":55,"column":0},"end":{"line":55,"column":28}},"55":{"start":{"line":56,"column":0},"end":{"line":56,"column":40}},"56":{"start":{"line":57,"column":0},"end":{"line":57,"column":44}},"57":{"start":{"line":58,"column":0},"end":{"line":58,"column":60}},"59":{"start":{"line":60,"column":0},"end":{"line":60,"column":24}},"60":{"start":{"line":61,"column":0},"end":{"line":61,"column":1}},"68":{"start":{"line":69,"column":0},"end":{"line":69,"column":79}},"69":{"start":{"line":70,"column":0},"end":{"line":70,"column":38}},"70":{"start":{"line":71,"column":0},"end":{"line":71,"column":1}},"78":{"start":{"line":79,"column":0},"end":{"line":79,"column":36}},"79":{"start":{"line":80,"column":0},"end":{"line":80,"column":21}},"80":{"start":{"line":81,"column":0},"end":{"line":81,"column":42}},"81":{"start":{"line":82,"column":0},"end":{"line":82,"column":11}},"82":{"start":{"line":83,"column":0},"end":{"line":83,"column":40}},"83":{"start":{"line":84,"column":0},"end":{"line":84,"column":56}},"84":{"start":{"line":85,"column":0},"end":{"line":85,"column":2}},"85":{"start":{"line":86,"column":0},"end":{"line":86,"column":33}},"86":{"start":{"line":87,"column":0},"end":{"line":87,"column":1}}},"s":{"9":0,"10":0,"11":0,"19":0,"20":0,"22":0,"23":0,"25":0,"27":0,"28":0,"29":0,"31":0,"32":0,"40":0,"41":0,"42":0,"49":0,"50":0,"51":0,"52":0,"54":0,"55":0,"56":0,"57":0,"59":0,"60":0,"68":0,"69":0,"70":0,"78":0,"79":0,"80":0,"81":0,"82":0,"83":0,"84":0,"85":0,"86":0},"branchMap":{"0":{"type":"branch","line":1,"loc":{"start":{"line":1,"column":2612},"end":{"line":87,"column":1}},"locations":[{"start":{"line":1,"column":2612},"end":{"line":87,"column":1}}]}},"b":{"0":[1]},"fnMap":{"0":{"name":"(empty-report)","decl":{"start":{"line":1,"column":2612},"end":{"line":87,"column":1}},"loc":{"start":{"line":1,"column":2612},"end":{"line":87,"column":1}},"line":1}},"f":{"0":1}}
}
